PyTorch Version: 2.0.0
CUDA device available: True
Using CUDA device: cuda:0
Random Seed: 1
Task Importance Weight: 0
Output Path: afad-ordinal
Script: /home/alumne/Desktop/TREBALL/Starting point/model-code/afad-ordinal-copy.py
Epoch: 001/050 | Batch 0000/0462 | Cost: 19.9314
Epoch: 001/050 | Batch 0050/0462 | Cost: 9.9531
Epoch: 001/050 | Batch 0100/0462 | Cost: 9.9249
Epoch: 001/050 | Batch 0150/0462 | Cost: 10.0842
Epoch: 001/050 | Batch 0200/0462 | Cost: 9.6806
Epoch: 001/050 | Batch 0250/0462 | Cost: 8.9744
Epoch: 001/050 | Batch 0300/0462 | Cost: 9.4452
Epoch: 001/050 | Batch 0350/0462 | Cost: 9.2701
Epoch: 001/050 | Batch 0400/0462 | Cost: 9.4234
Epoch: 001/050 | Batch 0450/0462 | Cost: 9.3060
MAE/RMSE: | Current Valid: 10.22/10.96 Ep. 0 | Best Valid : 10.22/10.96 Ep. 0
Time elapsed: 7.97 min
Epoch: 002/050 | Batch 0000/0462 | Cost: 12.6587
Epoch: 002/050 | Batch 0050/0462 | Cost: 8.9711
Epoch: 002/050 | Batch 0100/0462 | Cost: 8.5087
Epoch: 002/050 | Batch 0150/0462 | Cost: 9.9413
Epoch: 002/050 | Batch 0200/0462 | Cost: 9.1186
Epoch: 002/050 | Batch 0250/0462 | Cost: 9.3657
Epoch: 002/050 | Batch 0300/0462 | Cost: 9.0487
Epoch: 002/050 | Batch 0350/0462 | Cost: 8.5654
Epoch: 002/050 | Batch 0400/0462 | Cost: 9.3035
Epoch: 002/050 | Batch 0450/0462 | Cost: 8.3106
MAE/RMSE: | Current Valid: 8.28/9.29 Ep. 1 | Best Valid : 8.28/9.29 Ep. 1
Time elapsed: 15.88 min
Epoch: 003/050 | Batch 0000/0462 | Cost: 13.5835
Epoch: 003/050 | Batch 0050/0462 | Cost: 8.0450
Epoch: 003/050 | Batch 0100/0462 | Cost: 8.8487
Epoch: 003/050 | Batch 0150/0462 | Cost: 8.2133
Epoch: 003/050 | Batch 0200/0462 | Cost: 9.1928
Epoch: 003/050 | Batch 0250/0462 | Cost: 7.8115
Epoch: 003/050 | Batch 0300/0462 | Cost: 8.3297
Epoch: 003/050 | Batch 0350/0462 | Cost: 8.4424
Epoch: 003/050 | Batch 0400/0462 | Cost: 8.9716
Epoch: 003/050 | Batch 0450/0462 | Cost: 8.1079
MAE/RMSE: | Current Valid: 8.11/9.20 Ep. 2 | Best Valid : 8.11/9.20 Ep. 2
Time elapsed: 23.78 min
Epoch: 004/050 | Batch 0000/0462 | Cost: 19.9527
Epoch: 004/050 | Batch 0050/0462 | Cost: 8.3085
Epoch: 004/050 | Batch 0100/0462 | Cost: 8.3055
Epoch: 004/050 | Batch 0150/0462 | Cost: 8.2607
Epoch: 004/050 | Batch 0200/0462 | Cost: 7.8066
Epoch: 004/050 | Batch 0250/0462 | Cost: 8.0184
Epoch: 004/050 | Batch 0300/0462 | Cost: 7.9968
Epoch: 004/050 | Batch 0350/0462 | Cost: 8.1153
Epoch: 004/050 | Batch 0400/0462 | Cost: 7.6608
Epoch: 004/050 | Batch 0450/0462 | Cost: 8.5394
MAE/RMSE: | Current Valid: 7.30/8.42 Ep. 3 | Best Valid : 7.30/8.42 Ep. 3
Time elapsed: 31.69 min
Epoch: 005/050 | Batch 0000/0462 | Cost: 16.4279
Epoch: 005/050 | Batch 0050/0462 | Cost: 8.1742
Epoch: 005/050 | Batch 0100/0462 | Cost: 8.6338
Epoch: 005/050 | Batch 0150/0462 | Cost: 7.8744
Epoch: 005/050 | Batch 0200/0462 | Cost: 8.3630
Epoch: 005/050 | Batch 0250/0462 | Cost: 7.6109
Epoch: 005/050 | Batch 0300/0462 | Cost: 7.7194
Epoch: 005/050 | Batch 0350/0462 | Cost: 7.5712
Epoch: 005/050 | Batch 0400/0462 | Cost: 8.0225
Epoch: 005/050 | Batch 0450/0462 | Cost: 8.5423
MAE/RMSE: | Current Valid: 7.75/8.93 Ep. 4 | Best Valid : 7.30/8.42 Ep. 3
Time elapsed: 39.60 min
Epoch: 006/050 | Batch 0000/0462 | Cost: 12.3723
Epoch: 006/050 | Batch 0050/0462 | Cost: 8.6706
Epoch: 006/050 | Batch 0100/0462 | Cost: 7.7649
Epoch: 006/050 | Batch 0150/0462 | Cost: 8.2432
Epoch: 006/050 | Batch 0200/0462 | Cost: 7.9488
Epoch: 006/050 | Batch 0250/0462 | Cost: 7.8119
Epoch: 006/050 | Batch 0300/0462 | Cost: 8.6539
Epoch: 006/050 | Batch 0350/0462 | Cost: 8.1756
Epoch: 006/050 | Batch 0400/0462 | Cost: 7.8302
Epoch: 006/050 | Batch 0450/0462 | Cost: 8.0348
MAE/RMSE: | Current Valid: 7.73/8.86 Ep. 5 | Best Valid : 7.30/8.42 Ep. 3
Time elapsed: 47.50 min
Epoch: 007/050 | Batch 0000/0462 | Cost: 13.2481
Epoch: 007/050 | Batch 0050/0462 | Cost: 7.1895
Epoch: 007/050 | Batch 0100/0462 | Cost: 7.5642
Epoch: 007/050 | Batch 0150/0462 | Cost: 8.0422
Epoch: 007/050 | Batch 0200/0462 | Cost: 8.2286
Epoch: 007/050 | Batch 0250/0462 | Cost: 7.9952
Epoch: 007/050 | Batch 0300/0462 | Cost: 8.2391
Epoch: 007/050 | Batch 0350/0462 | Cost: 7.5881
Epoch: 007/050 | Batch 0400/0462 | Cost: 8.1106
Epoch: 007/050 | Batch 0450/0462 | Cost: 7.8393
MAE/RMSE: | Current Valid: 7.45/8.58 Ep. 6 | Best Valid : 7.30/8.42 Ep. 3
Time elapsed: 55.41 min
Epoch: 008/050 | Batch 0000/0462 | Cost: 12.2266
Epoch: 008/050 | Batch 0050/0462 | Cost: 7.9868
Epoch: 008/050 | Batch 0100/0462 | Cost: 7.0283
Epoch: 008/050 | Batch 0150/0462 | Cost: 8.2123
Epoch: 008/050 | Batch 0200/0462 | Cost: 8.2072
Epoch: 008/050 | Batch 0250/0462 | Cost: 7.8094
Epoch: 008/050 | Batch 0300/0462 | Cost: 8.2718
Epoch: 008/050 | Batch 0350/0462 | Cost: 7.6970
Epoch: 008/050 | Batch 0400/0462 | Cost: 8.0402
Epoch: 008/050 | Batch 0450/0462 | Cost: 7.7943
MAE/RMSE: | Current Valid: 7.57/8.71 Ep. 7 | Best Valid : 7.30/8.42 Ep. 3
Time elapsed: 63.32 min
Epoch: 009/050 | Batch 0000/0462 | Cost: 12.7746
Epoch: 009/050 | Batch 0050/0462 | Cost: 7.4905
Epoch: 009/050 | Batch 0100/0462 | Cost: 7.6751
Epoch: 009/050 | Batch 0150/0462 | Cost: 7.0143
Epoch: 009/050 | Batch 0200/0462 | Cost: 7.7125
Epoch: 009/050 | Batch 0250/0462 | Cost: 7.5750
Epoch: 009/050 | Batch 0300/0462 | Cost: 7.5757
Epoch: 009/050 | Batch 0350/0462 | Cost: 7.6521
Epoch: 009/050 | Batch 0400/0462 | Cost: 7.3588
Epoch: 009/050 | Batch 0450/0462 | Cost: 7.0305
MAE/RMSE: | Current Valid: 7.38/8.59 Ep. 8 | Best Valid : 7.30/8.42 Ep. 3
Time elapsed: 71.22 min
Epoch: 010/050 | Batch 0000/0462 | Cost: 10.2767
Epoch: 010/050 | Batch 0050/0462 | Cost: 7.5858
Epoch: 010/050 | Batch 0100/0462 | Cost: 6.7333
Epoch: 010/050 | Batch 0150/0462 | Cost: 7.5258
Epoch: 010/050 | Batch 0200/0462 | Cost: 7.6684
Epoch: 010/050 | Batch 0250/0462 | Cost: 8.2265
Epoch: 010/050 | Batch 0300/0462 | Cost: 7.5217
Epoch: 010/050 | Batch 0350/0462 | Cost: 8.9918
Epoch: 010/050 | Batch 0400/0462 | Cost: 8.4702
Epoch: 010/050 | Batch 0450/0462 | Cost: 8.1142
MAE/RMSE: | Current Valid: 7.03/8.24 Ep. 9 | Best Valid : 7.03/8.24 Ep. 9
Time elapsed: 79.14 min
Epoch: 011/050 | Batch 0000/0462 | Cost: 11.7920
Epoch: 011/050 | Batch 0050/0462 | Cost: 7.1432
Epoch: 011/050 | Batch 0100/0462 | Cost: 6.9312
Epoch: 011/050 | Batch 0150/0462 | Cost: 7.3340
Epoch: 011/050 | Batch 0200/0462 | Cost: 7.7887
Epoch: 011/050 | Batch 0250/0462 | Cost: 7.2112
Epoch: 011/050 | Batch 0300/0462 | Cost: 7.6316
Epoch: 011/050 | Batch 0350/0462 | Cost: 7.4606
Epoch: 011/050 | Batch 0400/0462 | Cost: 7.2184
Epoch: 011/050 | Batch 0450/0462 | Cost: 7.6019
MAE/RMSE: | Current Valid: 6.40/7.69 Ep. 10 | Best Valid : 6.40/7.69 Ep. 10
Time elapsed: 87.06 min
Epoch: 012/050 | Batch 0000/0462 | Cost: 11.9130
Epoch: 012/050 | Batch 0050/0462 | Cost: 7.3011
Epoch: 012/050 | Batch 0100/0462 | Cost: 7.3671
Epoch: 012/050 | Batch 0150/0462 | Cost: 7.6577
Epoch: 012/050 | Batch 0200/0462 | Cost: 7.5175
Epoch: 012/050 | Batch 0250/0462 | Cost: 7.6607
Epoch: 012/050 | Batch 0300/0462 | Cost: 7.5215
Epoch: 012/050 | Batch 0350/0462 | Cost: 6.9002
Epoch: 012/050 | Batch 0400/0462 | Cost: 7.2793
Epoch: 012/050 | Batch 0450/0462 | Cost: 6.9635
MAE/RMSE: | Current Valid: 6.63/7.98 Ep. 11 | Best Valid : 6.40/7.69 Ep. 10
Time elapsed: 94.97 min
Epoch: 013/050 | Batch 0000/0462 | Cost: 15.7014
Epoch: 013/050 | Batch 0050/0462 | Cost: 7.0145
Epoch: 013/050 | Batch 0100/0462 | Cost: 7.7722
Epoch: 013/050 | Batch 0150/0462 | Cost: 7.0667
Epoch: 013/050 | Batch 0200/0462 | Cost: 7.6011
Epoch: 013/050 | Batch 0250/0462 | Cost: 6.7581
Epoch: 013/050 | Batch 0300/0462 | Cost: 6.9603
Epoch: 013/050 | Batch 0350/0462 | Cost: 7.2112
Epoch: 013/050 | Batch 0400/0462 | Cost: 7.7552
Epoch: 013/050 | Batch 0450/0462 | Cost: 6.9025
MAE/RMSE: | Current Valid: 7.33/8.45 Ep. 12 | Best Valid : 6.40/7.69 Ep. 10
Time elapsed: 102.88 min
Epoch: 014/050 | Batch 0000/0462 | Cost: 14.9743
Epoch: 014/050 | Batch 0050/0462 | Cost: 7.9777
Epoch: 014/050 | Batch 0100/0462 | Cost: 6.4352
Epoch: 014/050 | Batch 0150/0462 | Cost: 6.6649
Epoch: 014/050 | Batch 0200/0462 | Cost: 6.8703
Epoch: 014/050 | Batch 0250/0462 | Cost: 6.4465
Epoch: 014/050 | Batch 0300/0462 | Cost: 6.4992
Epoch: 014/050 | Batch 0350/0462 | Cost: 7.3496
Epoch: 014/050 | Batch 0400/0462 | Cost: 6.8617
Epoch: 014/050 | Batch 0450/0462 | Cost: 7.0985
MAE/RMSE: | Current Valid: 5.99/7.22 Ep. 13 | Best Valid : 5.99/7.22 Ep. 13
Time elapsed: 110.79 min
Epoch: 015/050 | Batch 0000/0462 | Cost: 14.5416
Epoch: 015/050 | Batch 0050/0462 | Cost: 6.8231
Epoch: 015/050 | Batch 0100/0462 | Cost: 6.6659
Epoch: 015/050 | Batch 0150/0462 | Cost: 6.4853
Epoch: 015/050 | Batch 0200/0462 | Cost: 7.0342
Epoch: 015/050 | Batch 0250/0462 | Cost: 6.7606
Epoch: 015/050 | Batch 0300/0462 | Cost: 6.5567
Epoch: 015/050 | Batch 0350/0462 | Cost: 7.0719
Epoch: 015/050 | Batch 0400/0462 | Cost: 7.2438
Epoch: 015/050 | Batch 0450/0462 | Cost: 7.3011
MAE/RMSE: | Current Valid: 6.68/7.86 Ep. 14 | Best Valid : 5.99/7.22 Ep. 13
Time elapsed: 118.70 min
Epoch: 016/050 | Batch 0000/0462 | Cost: 11.6967
Epoch: 016/050 | Batch 0050/0462 | Cost: 7.3046
Epoch: 016/050 | Batch 0100/0462 | Cost: 7.8823
Epoch: 016/050 | Batch 0150/0462 | Cost: 7.1382
Epoch: 016/050 | Batch 0200/0462 | Cost: 7.0939
Epoch: 016/050 | Batch 0250/0462 | Cost: 6.9036
Epoch: 016/050 | Batch 0300/0462 | Cost: 6.6705
Epoch: 016/050 | Batch 0350/0462 | Cost: 7.3763
Epoch: 016/050 | Batch 0400/0462 | Cost: 6.3553
Epoch: 016/050 | Batch 0450/0462 | Cost: 7.3689
MAE/RMSE: | Current Valid: 7.04/8.27 Ep. 15 | Best Valid : 5.99/7.22 Ep. 13
Time elapsed: 126.62 min
Epoch: 017/050 | Batch 0000/0462 | Cost: 10.4514
Epoch: 017/050 | Batch 0050/0462 | Cost: 6.4218
Epoch: 017/050 | Batch 0100/0462 | Cost: 7.2037
Epoch: 017/050 | Batch 0150/0462 | Cost: 6.5895
Epoch: 017/050 | Batch 0200/0462 | Cost: 7.0149
Epoch: 017/050 | Batch 0250/0462 | Cost: 7.2861
Epoch: 017/050 | Batch 0300/0462 | Cost: 7.3831
Epoch: 017/050 | Batch 0350/0462 | Cost: 6.9393
Epoch: 017/050 | Batch 0400/0462 | Cost: 7.3630
Epoch: 017/050 | Batch 0450/0462 | Cost: 6.7482
MAE/RMSE: | Current Valid: 6.63/7.89 Ep. 16 | Best Valid : 5.99/7.22 Ep. 13
Time elapsed: 134.54 min
Epoch: 018/050 | Batch 0000/0462 | Cost: 14.3245
Epoch: 018/050 | Batch 0050/0462 | Cost: 6.5826
Epoch: 018/050 | Batch 0100/0462 | Cost: 6.7159
Epoch: 018/050 | Batch 0150/0462 | Cost: 6.5213
Epoch: 018/050 | Batch 0200/0462 | Cost: 6.3939
Epoch: 018/050 | Batch 0250/0462 | Cost: 6.1312
Epoch: 018/050 | Batch 0300/0462 | Cost: 6.3176
Epoch: 018/050 | Batch 0350/0462 | Cost: 6.1156
Epoch: 018/050 | Batch 0400/0462 | Cost: 6.6031
Epoch: 018/050 | Batch 0450/0462 | Cost: 7.0599
MAE/RMSE: | Current Valid: 6.05/7.41 Ep. 17 | Best Valid : 5.99/7.22 Ep. 13
Time elapsed: 142.46 min
Epoch: 019/050 | Batch 0000/0462 | Cost: 14.0399
Epoch: 019/050 | Batch 0050/0462 | Cost: 6.4853
Epoch: 019/050 | Batch 0100/0462 | Cost: 5.8139
Epoch: 019/050 | Batch 0150/0462 | Cost: 6.6601
Epoch: 019/050 | Batch 0200/0462 | Cost: 6.5529
Epoch: 019/050 | Batch 0250/0462 | Cost: 6.5759
Epoch: 019/050 | Batch 0300/0462 | Cost: 7.1090
Epoch: 019/050 | Batch 0350/0462 | Cost: 6.3601
Epoch: 019/050 | Batch 0400/0462 | Cost: 7.2454
Epoch: 019/050 | Batch 0450/0462 | Cost: 7.2267
MAE/RMSE: | Current Valid: 6.30/7.65 Ep. 18 | Best Valid : 5.99/7.22 Ep. 13
Time elapsed: 150.38 min
Epoch: 020/050 | Batch 0000/0462 | Cost: 14.6585
Epoch: 020/050 | Batch 0050/0462 | Cost: 6.7629
Epoch: 020/050 | Batch 0100/0462 | Cost: 6.7844
Epoch: 020/050 | Batch 0150/0462 | Cost: 6.5685
Epoch: 020/050 | Batch 0200/0462 | Cost: 6.7194
Epoch: 020/050 | Batch 0250/0462 | Cost: 6.5432
Epoch: 020/050 | Batch 0300/0462 | Cost: 6.5203
Epoch: 020/050 | Batch 0350/0462 | Cost: 6.2887
Epoch: 020/050 | Batch 0400/0462 | Cost: 7.0581
Epoch: 020/050 | Batch 0450/0462 | Cost: 6.4244
MAE/RMSE: | Current Valid: 6.72/8.00 Ep. 19 | Best Valid : 5.99/7.22 Ep. 13
Time elapsed: 158.30 min
Epoch: 021/050 | Batch 0000/0462 | Cost: 15.8860
Epoch: 021/050 | Batch 0050/0462 | Cost: 6.4422
Epoch: 021/050 | Batch 0100/0462 | Cost: 5.6333
Epoch: 021/050 | Batch 0150/0462 | Cost: 6.1584
Epoch: 021/050 | Batch 0200/0462 | Cost: 6.2165
Epoch: 021/050 | Batch 0250/0462 | Cost: 6.5090
Epoch: 021/050 | Batch 0300/0462 | Cost: 6.3199
Epoch: 021/050 | Batch 0350/0462 | Cost: 6.5526
Epoch: 021/050 | Batch 0400/0462 | Cost: 6.3321
Epoch: 021/050 | Batch 0450/0462 | Cost: 6.5372
MAE/RMSE: | Current Valid: 6.65/7.85 Ep. 20 | Best Valid : 5.99/7.22 Ep. 13
Time elapsed: 166.22 min
Epoch: 022/050 | Batch 0000/0462 | Cost: 9.3214
Epoch: 022/050 | Batch 0050/0462 | Cost: 5.9471
Epoch: 022/050 | Batch 0100/0462 | Cost: 5.2959
Epoch: 022/050 | Batch 0150/0462 | Cost: 6.6552
Epoch: 022/050 | Batch 0200/0462 | Cost: 6.1760
Epoch: 022/050 | Batch 0250/0462 | Cost: 5.4183
Epoch: 022/050 | Batch 0300/0462 | Cost: 6.0882
Epoch: 022/050 | Batch 0350/0462 | Cost: 6.2484
Epoch: 022/050 | Batch 0400/0462 | Cost: 6.2575
Epoch: 022/050 | Batch 0450/0462 | Cost: 6.3332
MAE/RMSE: | Current Valid: 5.89/7.16 Ep. 21 | Best Valid : 5.89/7.16 Ep. 21
Time elapsed: 174.15 min
Epoch: 023/050 | Batch 0000/0462 | Cost: 10.3380
Epoch: 023/050 | Batch 0050/0462 | Cost: 5.9187
Epoch: 023/050 | Batch 0100/0462 | Cost: 5.8734
Epoch: 023/050 | Batch 0150/0462 | Cost: 5.3969
Epoch: 023/050 | Batch 0200/0462 | Cost: 6.3339
Epoch: 023/050 | Batch 0250/0462 | Cost: 6.6950
Epoch: 023/050 | Batch 0300/0462 | Cost: 5.8430
Epoch: 023/050 | Batch 0350/0462 | Cost: 6.2931
Epoch: 023/050 | Batch 0400/0462 | Cost: 5.7732
Epoch: 023/050 | Batch 0450/0462 | Cost: 5.8232
MAE/RMSE: | Current Valid: 5.88/7.22 Ep. 22 | Best Valid : 5.88/7.22 Ep. 22
Time elapsed: 182.08 min
Epoch: 024/050 | Batch 0000/0462 | Cost: 11.4189
Epoch: 024/050 | Batch 0050/0462 | Cost: 6.0186
Epoch: 024/050 | Batch 0100/0462 | Cost: 5.7452
Epoch: 024/050 | Batch 0150/0462 | Cost: 5.0804
Epoch: 024/050 | Batch 0200/0462 | Cost: 5.7480
Epoch: 024/050 | Batch 0250/0462 | Cost: 6.1521
Epoch: 024/050 | Batch 0300/0462 | Cost: 5.7873
Epoch: 024/050 | Batch 0350/0462 | Cost: 5.8571
Epoch: 024/050 | Batch 0400/0462 | Cost: 6.3229
Epoch: 024/050 | Batch 0450/0462 | Cost: 5.5010
MAE/RMSE: | Current Valid: 6.40/7.72 Ep. 23 | Best Valid : 5.88/7.22 Ep. 22
Time elapsed: 190.01 min
Epoch: 025/050 | Batch 0000/0462 | Cost: 14.8386
Epoch: 025/050 | Batch 0050/0462 | Cost: 5.4720
Epoch: 025/050 | Batch 0100/0462 | Cost: 6.5260
Epoch: 025/050 | Batch 0150/0462 | Cost: 5.3036
Epoch: 025/050 | Batch 0200/0462 | Cost: 5.5929
Epoch: 025/050 | Batch 0250/0462 | Cost: 5.7414
Epoch: 025/050 | Batch 0300/0462 | Cost: 6.0898
Epoch: 025/050 | Batch 0350/0462 | Cost: 6.3369
Epoch: 025/050 | Batch 0400/0462 | Cost: 5.5847
Epoch: 025/050 | Batch 0450/0462 | Cost: 5.6923
MAE/RMSE: | Current Valid: 5.90/7.25 Ep. 24 | Best Valid : 5.88/7.22 Ep. 22
Time elapsed: 197.94 min
Epoch: 026/050 | Batch 0000/0462 | Cost: 9.5195
Epoch: 026/050 | Batch 0050/0462 | Cost: 5.3373
Epoch: 026/050 | Batch 0100/0462 | Cost: 5.4357
Epoch: 026/050 | Batch 0150/0462 | Cost: 5.6595
Epoch: 026/050 | Batch 0200/0462 | Cost: 5.1407
Epoch: 026/050 | Batch 0250/0462 | Cost: 5.7449
Epoch: 026/050 | Batch 0300/0462 | Cost: 6.0034
Epoch: 026/050 | Batch 0350/0462 | Cost: 5.3849
Epoch: 026/050 | Batch 0400/0462 | Cost: 5.2291
Epoch: 026/050 | Batch 0450/0462 | Cost: 5.5007
MAE/RMSE: | Current Valid: 6.50/7.91 Ep. 25 | Best Valid : 5.88/7.22 Ep. 22
Time elapsed: 205.86 min
Epoch: 027/050 | Batch 0000/0462 | Cost: 10.6931
Epoch: 027/050 | Batch 0050/0462 | Cost: 5.0824
Epoch: 027/050 | Batch 0100/0462 | Cost: 4.5924
Epoch: 027/050 | Batch 0150/0462 | Cost: 5.3170
Epoch: 027/050 | Batch 0200/0462 | Cost: 5.6118
Epoch: 027/050 | Batch 0250/0462 | Cost: 5.2710
Epoch: 027/050 | Batch 0300/0462 | Cost: 5.3220
Epoch: 027/050 | Batch 0350/0462 | Cost: 5.2211
Epoch: 027/050 | Batch 0400/0462 | Cost: 5.5190
Epoch: 027/050 | Batch 0450/0462 | Cost: 5.4178
MAE/RMSE: | Current Valid: 6.00/7.33 Ep. 26 | Best Valid : 5.88/7.22 Ep. 22
Time elapsed: 213.79 min
Epoch: 028/050 | Batch 0000/0462 | Cost: 11.1024
Epoch: 028/050 | Batch 0050/0462 | Cost: 4.9227
Epoch: 028/050 | Batch 0100/0462 | Cost: 4.6567
Epoch: 028/050 | Batch 0150/0462 | Cost: 4.8896
Epoch: 028/050 | Batch 0200/0462 | Cost: 5.5190
Epoch: 028/050 | Batch 0250/0462 | Cost: 5.5361
Epoch: 028/050 | Batch 0300/0462 | Cost: 5.4749
Epoch: 028/050 | Batch 0350/0462 | Cost: 5.2242
Epoch: 028/050 | Batch 0400/0462 | Cost: 5.1824
Epoch: 028/050 | Batch 0450/0462 | Cost: 5.2093
MAE/RMSE: | Current Valid: 6.06/7.50 Ep. 27 | Best Valid : 5.88/7.22 Ep. 22
Time elapsed: 221.72 min
Epoch: 029/050 | Batch 0000/0462 | Cost: 15.9909
Epoch: 029/050 | Batch 0050/0462 | Cost: 5.4060
Epoch: 029/050 | Batch 0100/0462 | Cost: 4.6763
Epoch: 029/050 | Batch 0150/0462 | Cost: 4.8759
Epoch: 029/050 | Batch 0200/0462 | Cost: 5.0389
Epoch: 029/050 | Batch 0250/0462 | Cost: 5.2332
Epoch: 029/050 | Batch 0300/0462 | Cost: 5.1021
Epoch: 029/050 | Batch 0350/0462 | Cost: 5.1038
Epoch: 029/050 | Batch 0400/0462 | Cost: 5.5368
Epoch: 029/050 | Batch 0450/0462 | Cost: 5.2119
MAE/RMSE: | Current Valid: 6.39/7.79 Ep. 28 | Best Valid : 5.88/7.22 Ep. 22
Time elapsed: 229.64 min
Epoch: 030/050 | Batch 0000/0462 | Cost: 9.9727
Epoch: 030/050 | Batch 0050/0462 | Cost: 4.6837
Epoch: 030/050 | Batch 0100/0462 | Cost: 4.9709
Epoch: 030/050 | Batch 0150/0462 | Cost: 4.4881
Epoch: 030/050 | Batch 0200/0462 | Cost: 5.0612
Epoch: 030/050 | Batch 0250/0462 | Cost: 4.8947
Epoch: 030/050 | Batch 0300/0462 | Cost: 5.4516
Epoch: 030/050 | Batch 0350/0462 | Cost: 5.3136
Epoch: 030/050 | Batch 0400/0462 | Cost: 4.7096
Epoch: 030/050 | Batch 0450/0462 | Cost: 4.4396
MAE/RMSE: | Current Valid: 5.80/7.25 Ep. 29 | Best Valid : 5.80/7.25 Ep. 29
Time elapsed: 237.58 min
Epoch: 031/050 | Batch 0000/0462 | Cost: 12.7257
Epoch: 031/050 | Batch 0050/0462 | Cost: 4.8724
Epoch: 031/050 | Batch 0100/0462 | Cost: 4.2690
Epoch: 031/050 | Batch 0150/0462 | Cost: 4.6115
Epoch: 031/050 | Batch 0200/0462 | Cost: 4.6663
Epoch: 031/050 | Batch 0250/0462 | Cost: 4.5355
Epoch: 031/050 | Batch 0300/0462 | Cost: 4.7940
Epoch: 031/050 | Batch 0350/0462 | Cost: 4.7695
Epoch: 031/050 | Batch 0400/0462 | Cost: 4.6071
Epoch: 031/050 | Batch 0450/0462 | Cost: 5.1170
MAE/RMSE: | Current Valid: 6.54/7.93 Ep. 30 | Best Valid : 5.80/7.25 Ep. 29
Time elapsed: 245.51 min
Epoch: 032/050 | Batch 0000/0462 | Cost: 11.9468
Epoch: 032/050 | Batch 0050/0462 | Cost: 4.2458
Epoch: 032/050 | Batch 0100/0462 | Cost: 4.9061
Epoch: 032/050 | Batch 0150/0462 | Cost: 5.1705
Epoch: 032/050 | Batch 0200/0462 | Cost: 5.0017
Epoch: 032/050 | Batch 0250/0462 | Cost: 4.3713
Epoch: 032/050 | Batch 0300/0462 | Cost: 4.8745
Epoch: 032/050 | Batch 0350/0462 | Cost: 4.6857
Epoch: 032/050 | Batch 0400/0462 | Cost: 4.7363
Epoch: 032/050 | Batch 0450/0462 | Cost: 5.1723
MAE/RMSE: | Current Valid: 6.71/8.13 Ep. 31 | Best Valid : 5.80/7.25 Ep. 29
Time elapsed: 253.44 min
Epoch: 033/050 | Batch 0000/0462 | Cost: 10.1409
Epoch: 033/050 | Batch 0050/0462 | Cost: 4.4811
Epoch: 033/050 | Batch 0100/0462 | Cost: 4.2798
Epoch: 033/050 | Batch 0150/0462 | Cost: 4.2121
Epoch: 033/050 | Batch 0200/0462 | Cost: 4.6417
Epoch: 033/050 | Batch 0250/0462 | Cost: 4.6023
Epoch: 033/050 | Batch 0300/0462 | Cost: 4.5818
Epoch: 033/050 | Batch 0350/0462 | Cost: 4.3005
Epoch: 033/050 | Batch 0400/0462 | Cost: 5.2599
Epoch: 033/050 | Batch 0450/0462 | Cost: 4.3019
MAE/RMSE: | Current Valid: 6.10/7.46 Ep. 32 | Best Valid : 5.80/7.25 Ep. 29
Time elapsed: 261.37 min
Epoch: 034/050 | Batch 0000/0462 | Cost: 9.4445
Epoch: 034/050 | Batch 0050/0462 | Cost: 3.9952
Epoch: 034/050 | Batch 0100/0462 | Cost: 4.7762
Epoch: 034/050 | Batch 0150/0462 | Cost: 4.5810
Epoch: 034/050 | Batch 0200/0462 | Cost: 5.2991
Epoch: 034/050 | Batch 0250/0462 | Cost: 4.5607
Epoch: 034/050 | Batch 0300/0462 | Cost: 4.2220
Epoch: 034/050 | Batch 0350/0462 | Cost: 4.8719
Epoch: 034/050 | Batch 0400/0462 | Cost: 4.5085
Epoch: 034/050 | Batch 0450/0462 | Cost: 4.4209
MAE/RMSE: | Current Valid: 6.25/7.60 Ep. 33 | Best Valid : 5.80/7.25 Ep. 29
Time elapsed: 269.30 min
Epoch: 035/050 | Batch 0000/0462 | Cost: 8.8703
Epoch: 035/050 | Batch 0050/0462 | Cost: 4.0205
Epoch: 035/050 | Batch 0100/0462 | Cost: 4.0657
Epoch: 035/050 | Batch 0150/0462 | Cost: 4.3662
Epoch: 035/050 | Batch 0200/0462 | Cost: 5.1760
Epoch: 035/050 | Batch 0250/0462 | Cost: 5.0584
Epoch: 035/050 | Batch 0300/0462 | Cost: 4.5399
Epoch: 035/050 | Batch 0350/0462 | Cost: 4.5237
Epoch: 035/050 | Batch 0400/0462 | Cost: 4.7301
Epoch: 035/050 | Batch 0450/0462 | Cost: 4.4501
MAE/RMSE: | Current Valid: 6.24/7.63 Ep. 34 | Best Valid : 5.80/7.25 Ep. 29
Time elapsed: 277.23 min
Epoch: 036/050 | Batch 0000/0462 | Cost: 9.6282
Epoch: 036/050 | Batch 0050/0462 | Cost: 4.2785
Epoch: 036/050 | Batch 0100/0462 | Cost: 4.2329
Epoch: 036/050 | Batch 0150/0462 | Cost: 4.4769
Epoch: 036/050 | Batch 0200/0462 | Cost: 4.3171
Epoch: 036/050 | Batch 0250/0462 | Cost: 4.7698
Epoch: 036/050 | Batch 0300/0462 | Cost: 4.1433
Epoch: 036/050 | Batch 0350/0462 | Cost: 4.1838
Epoch: 036/050 | Batch 0400/0462 | Cost: 4.3470
Epoch: 036/050 | Batch 0450/0462 | Cost: 4.3331
MAE/RMSE: | Current Valid: 6.60/7.92 Ep. 35 | Best Valid : 5.80/7.25 Ep. 29
Time elapsed: 285.16 min
Epoch: 037/050 | Batch 0000/0462 | Cost: 10.4411
Epoch: 037/050 | Batch 0050/0462 | Cost: 3.6213
Epoch: 037/050 | Batch 0100/0462 | Cost: 3.8234
Epoch: 037/050 | Batch 0150/0462 | Cost: 4.0962
Epoch: 037/050 | Batch 0200/0462 | Cost: 3.9077
Epoch: 037/050 | Batch 0250/0462 | Cost: 4.0297
Epoch: 037/050 | Batch 0300/0462 | Cost: 3.8898
Epoch: 037/050 | Batch 0350/0462 | Cost: 3.9034
Epoch: 037/050 | Batch 0400/0462 | Cost: 4.1767
Epoch: 037/050 | Batch 0450/0462 | Cost: 3.9235
MAE/RMSE: | Current Valid: 6.72/8.05 Ep. 36 | Best Valid : 5.80/7.25 Ep. 29
Time elapsed: 293.09 min
Epoch: 038/050 | Batch 0000/0462 | Cost: 11.3785
Epoch: 038/050 | Batch 0050/0462 | Cost: 4.6160
Epoch: 038/050 | Batch 0100/0462 | Cost: 3.5937
Epoch: 038/050 | Batch 0150/0462 | Cost: 3.8428
Epoch: 038/050 | Batch 0200/0462 | Cost: 4.0174
Epoch: 038/050 | Batch 0250/0462 | Cost: 3.8792
Epoch: 038/050 | Batch 0300/0462 | Cost: 3.9978
Epoch: 038/050 | Batch 0350/0462 | Cost: 3.9263
Epoch: 038/050 | Batch 0400/0462 | Cost: 3.8931
Epoch: 038/050 | Batch 0450/0462 | Cost: 3.9534
MAE/RMSE: | Current Valid: 6.18/7.57 Ep. 37 | Best Valid : 5.80/7.25 Ep. 29
Time elapsed: 301.02 min
Epoch: 039/050 | Batch 0000/0462 | Cost: 11.8784
Epoch: 039/050 | Batch 0050/0462 | Cost: 4.2606
Epoch: 039/050 | Batch 0100/0462 | Cost: 4.0246
Epoch: 039/050 | Batch 0150/0462 | Cost: 4.2533
Epoch: 039/050 | Batch 0200/0462 | Cost: 4.3492
Epoch: 039/050 | Batch 0250/0462 | Cost: 3.7386
Epoch: 039/050 | Batch 0300/0462 | Cost: 4.0447
Epoch: 039/050 | Batch 0350/0462 | Cost: 3.8782
Epoch: 039/050 | Batch 0400/0462 | Cost: 3.8380
Epoch: 039/050 | Batch 0450/0462 | Cost: 3.8177
MAE/RMSE: | Current Valid: 6.25/7.63 Ep. 38 | Best Valid : 5.80/7.25 Ep. 29
Time elapsed: 308.95 min
Epoch: 040/050 | Batch 0000/0462 | Cost: 13.7438
Epoch: 040/050 | Batch 0050/0462 | Cost: 3.3993
Epoch: 040/050 | Batch 0100/0462 | Cost: 3.6009
Epoch: 040/050 | Batch 0150/0462 | Cost: 3.9401
Epoch: 040/050 | Batch 0200/0462 | Cost: 3.4253
Epoch: 040/050 | Batch 0250/0462 | Cost: 3.7133
Epoch: 040/050 | Batch 0300/0462 | Cost: 4.1368
Epoch: 040/050 | Batch 0350/0462 | Cost: 4.0308
Epoch: 040/050 | Batch 0400/0462 | Cost: 3.5877
Epoch: 040/050 | Batch 0450/0462 | Cost: 3.4631
MAE/RMSE: | Current Valid: 6.67/7.99 Ep. 39 | Best Valid : 5.80/7.25 Ep. 29
Time elapsed: 316.88 min
Epoch: 041/050 | Batch 0000/0462 | Cost: 10.9817
Epoch: 041/050 | Batch 0050/0462 | Cost: 3.1992
Epoch: 041/050 | Batch 0100/0462 | Cost: 3.6596
Epoch: 041/050 | Batch 0150/0462 | Cost: 3.8422
Epoch: 041/050 | Batch 0200/0462 | Cost: 3.8086
Epoch: 041/050 | Batch 0250/0462 | Cost: 3.8547
Epoch: 041/050 | Batch 0300/0462 | Cost: 3.5949
Epoch: 041/050 | Batch 0350/0462 | Cost: 4.0042
Epoch: 041/050 | Batch 0400/0462 | Cost: 3.5738
Epoch: 041/050 | Batch 0450/0462 | Cost: 3.1971
MAE/RMSE: | Current Valid: 6.27/7.63 Ep. 40 | Best Valid : 5.80/7.25 Ep. 29
Time elapsed: 324.82 min
Epoch: 042/050 | Batch 0000/0462 | Cost: 12.4915
Epoch: 042/050 | Batch 0050/0462 | Cost: 3.3588
Epoch: 042/050 | Batch 0100/0462 | Cost: 3.5269
Epoch: 042/050 | Batch 0150/0462 | Cost: 3.6553
Epoch: 042/050 | Batch 0200/0462 | Cost: 3.4626
Epoch: 042/050 | Batch 0250/0462 | Cost: 3.8364
Epoch: 042/050 | Batch 0300/0462 | Cost: 3.7391
Epoch: 042/050 | Batch 0350/0462 | Cost: 3.8983
Epoch: 042/050 | Batch 0400/0462 | Cost: 3.3996
Epoch: 042/050 | Batch 0450/0462 | Cost: 3.5704
MAE/RMSE: | Current Valid: 6.67/7.96 Ep. 41 | Best Valid : 5.80/7.25 Ep. 29
Time elapsed: 332.75 min
Epoch: 043/050 | Batch 0000/0462 | Cost: 10.7384
Epoch: 043/050 | Batch 0050/0462 | Cost: 3.4605
Epoch: 043/050 | Batch 0100/0462 | Cost: 3.4427
Epoch: 043/050 | Batch 0150/0462 | Cost: 3.2202
Epoch: 043/050 | Batch 0200/0462 | Cost: 3.5655
Epoch: 043/050 | Batch 0250/0462 | Cost: 3.6417
Epoch: 043/050 | Batch 0300/0462 | Cost: 3.2937
Epoch: 043/050 | Batch 0350/0462 | Cost: 3.3519
Epoch: 043/050 | Batch 0400/0462 | Cost: 3.6043
Epoch: 043/050 | Batch 0450/0462 | Cost: 3.8932
MAE/RMSE: | Current Valid: 6.48/7.84 Ep. 42 | Best Valid : 5.80/7.25 Ep. 29
Time elapsed: 340.68 min
Epoch: 044/050 | Batch 0000/0462 | Cost: 12.3150
Epoch: 044/050 | Batch 0050/0462 | Cost: 3.1981
Epoch: 044/050 | Batch 0100/0462 | Cost: 3.4731
Epoch: 044/050 | Batch 0150/0462 | Cost: 3.2364
Epoch: 044/050 | Batch 0200/0462 | Cost: 3.5619
Epoch: 044/050 | Batch 0250/0462 | Cost: 3.3028
Epoch: 044/050 | Batch 0300/0462 | Cost: 3.2803
Epoch: 044/050 | Batch 0350/0462 | Cost: 3.3720
Epoch: 044/050 | Batch 0400/0462 | Cost: 3.1304
Epoch: 044/050 | Batch 0450/0462 | Cost: 3.3460
MAE/RMSE: | Current Valid: 6.03/7.43 Ep. 43 | Best Valid : 5.80/7.25 Ep. 29
Time elapsed: 348.60 min
Epoch: 045/050 | Batch 0000/0462 | Cost: 9.7480
Epoch: 045/050 | Batch 0050/0462 | Cost: 3.5856
Epoch: 045/050 | Batch 0100/0462 | Cost: 3.4620
Epoch: 045/050 | Batch 0150/0462 | Cost: 3.3199
Epoch: 045/050 | Batch 0200/0462 | Cost: 3.5622
Epoch: 045/050 | Batch 0250/0462 | Cost: 3.3767
Epoch: 045/050 | Batch 0300/0462 | Cost: 3.2477
Epoch: 045/050 | Batch 0350/0462 | Cost: 3.4967
Epoch: 045/050 | Batch 0400/0462 | Cost: 3.4731
Epoch: 045/050 | Batch 0450/0462 | Cost: 2.9582
MAE/RMSE: | Current Valid: 6.37/7.68 Ep. 44 | Best Valid : 5.80/7.25 Ep. 29
Time elapsed: 356.53 min
Epoch: 046/050 | Batch 0000/0462 | Cost: 12.1481
Epoch: 046/050 | Batch 0050/0462 | Cost: 2.8276
Epoch: 046/050 | Batch 0100/0462 | Cost: 2.9300
Epoch: 046/050 | Batch 0150/0462 | Cost: 3.0574
Epoch: 046/050 | Batch 0200/0462 | Cost: 3.0229
Epoch: 046/050 | Batch 0250/0462 | Cost: 3.3346
Epoch: 046/050 | Batch 0300/0462 | Cost: 3.6242
Epoch: 046/050 | Batch 0350/0462 | Cost: 3.0695
Epoch: 046/050 | Batch 0400/0462 | Cost: 3.6703
Epoch: 046/050 | Batch 0450/0462 | Cost: 3.1548
MAE/RMSE: | Current Valid: 6.16/7.56 Ep. 45 | Best Valid : 5.80/7.25 Ep. 29
Time elapsed: 364.47 min
Epoch: 047/050 | Batch 0000/0462 | Cost: 12.1180
Epoch: 047/050 | Batch 0050/0462 | Cost: 2.9687
Epoch: 047/050 | Batch 0100/0462 | Cost: 3.0515
Epoch: 047/050 | Batch 0150/0462 | Cost: 3.3270
Epoch: 047/050 | Batch 0200/0462 | Cost: 3.6507
Epoch: 047/050 | Batch 0250/0462 | Cost: 2.9994
Epoch: 047/050 | Batch 0300/0462 | Cost: 3.3602
Epoch: 047/050 | Batch 0350/0462 | Cost: 3.1892
Epoch: 047/050 | Batch 0400/0462 | Cost: 3.0907
Epoch: 047/050 | Batch 0450/0462 | Cost: 3.0764
MAE/RMSE: | Current Valid: 6.52/7.90 Ep. 46 | Best Valid : 5.80/7.25 Ep. 29
Time elapsed: 372.40 min
Epoch: 048/050 | Batch 0000/0462 | Cost: 15.4171
Epoch: 048/050 | Batch 0050/0462 | Cost: 2.9055
Epoch: 048/050 | Batch 0100/0462 | Cost: 3.0629
Epoch: 048/050 | Batch 0150/0462 | Cost: 3.3187
Epoch: 048/050 | Batch 0200/0462 | Cost: 2.9774
Epoch: 048/050 | Batch 0250/0462 | Cost: 3.2396
Epoch: 048/050 | Batch 0300/0462 | Cost: 2.8892
Epoch: 048/050 | Batch 0350/0462 | Cost: 2.9876
Epoch: 048/050 | Batch 0400/0462 | Cost: 2.9026
Epoch: 048/050 | Batch 0450/0462 | Cost: 3.0668
MAE/RMSE: | Current Valid: 6.78/8.10 Ep. 47 | Best Valid : 5.80/7.25 Ep. 29
Time elapsed: 380.33 min
Epoch: 049/050 | Batch 0000/0462 | Cost: 12.5963
Epoch: 049/050 | Batch 0050/0462 | Cost: 2.8003
Epoch: 049/050 | Batch 0100/0462 | Cost: 2.6846
Epoch: 049/050 | Batch 0150/0462 | Cost: 2.9953
Epoch: 049/050 | Batch 0200/0462 | Cost: 3.1891
Epoch: 049/050 | Batch 0250/0462 | Cost: 2.9969
Epoch: 049/050 | Batch 0300/0462 | Cost: 2.9468
Epoch: 049/050 | Batch 0350/0462 | Cost: 2.9545
Epoch: 049/050 | Batch 0400/0462 | Cost: 3.3181
Epoch: 049/050 | Batch 0450/0462 | Cost: 2.8210
MAE/RMSE: | Current Valid: 6.40/7.81 Ep. 48 | Best Valid : 5.80/7.25 Ep. 29
Time elapsed: 388.26 min
Epoch: 050/050 | Batch 0000/0462 | Cost: 12.8898
Epoch: 050/050 | Batch 0050/0462 | Cost: 2.8663
Epoch: 050/050 | Batch 0100/0462 | Cost: 2.7319
Epoch: 050/050 | Batch 0150/0462 | Cost: 2.6836
Epoch: 050/050 | Batch 0200/0462 | Cost: 2.9719
Epoch: 050/050 | Batch 0250/0462 | Cost: 2.6161
Epoch: 050/050 | Batch 0300/0462 | Cost: 2.9271
Epoch: 050/050 | Batch 0350/0462 | Cost: 3.0712
Epoch: 050/050 | Batch 0400/0462 | Cost: 3.3578
Epoch: 050/050 | Batch 0450/0462 | Cost: 2.7502
MAE/RMSE: | Current Valid: 6.57/7.90 Ep. 49 | Best Valid : 5.80/7.25 Ep. 29
Time elapsed: 396.19 min
MAE/RMSE: | Train: 1.20/1.70 | Valid: 6.57/7.90 | Test: 3.73/5.09
Total Training Time: 397.93 min
MAE/RMSE: | Best Train: 2.12/2.92 | Best Valid: 5.80/7.25 | Best Test: 3.77/5.20
