PyTorch Version: 2.0.1
CUDA device available: True
Using CUDA device: cuda:0
Random Seed: 1
Task Importance Weight: 0
Output Path: afad-modelfilnal1
Script: c:\users\usuario\downloads\xnap-project-ed_group_13-main\xnap-project-ed_group_13-main\starting point\model-code\afad-coral-copy.py
Epoch: 001/050 | Batch 0000/0462 | Cost: 19.6102
Epoch: 001/050 | Batch 0050/0462 | Cost: 16.3691
Epoch: 001/050 | Batch 0100/0462 | Cost: 16.1600
Epoch: 001/050 | Batch 0150/0462 | Cost: 16.1872
Epoch: 001/050 | Batch 0200/0462 | Cost: 16.0293
Epoch: 001/050 | Batch 0250/0462 | Cost: 16.0706
Epoch: 001/050 | Batch 0300/0462 | Cost: 15.4677
Epoch: 001/050 | Batch 0350/0462 | Cost: 15.6184
Epoch: 001/050 | Batch 0400/0462 | Cost: 15.0651
Epoch: 001/050 | Batch 0450/0462 | Cost: 15.1016
Epoch: 001/050 | Batch 0450/0462 | Cost: 15.1016
Time elapsed: 4.91 min
Epoch: 002/050 | Batch 0000/0462 | Cost: 19.6389
Epoch: 002/050 | Batch 0050/0462 | Cost: 15.0151
Epoch: 002/050 | Batch 0100/0462 | Cost: 14.8530
Epoch: 002/050 | Batch 0150/0462 | Cost: 14.5248
Epoch: 002/050 | Batch 0200/0462 | Cost: 14.4774
Epoch: 002/050 | Batch 0250/0462 | Cost: 14.4050
Epoch: 002/050 | Batch 0300/0462 | Cost: 14.1470
Epoch: 002/050 | Batch 0350/0462 | Cost: 13.4965
Epoch: 002/050 | Batch 0400/0462 | Cost: 13.7553
Epoch: 002/050 | Batch 0450/0462 | Cost: 13.5823
Epoch: 002/050 | Batch 0450/0462 | Cost: 13.5823
Time elapsed: 10.01 min
Epoch: 003/050 | Batch 0000/0462 | Cost: 36.9967
Epoch: 003/050 | Batch 0050/0462 | Cost: 13.5760
Epoch: 003/050 | Batch 0100/0462 | Cost: 13.7749
Epoch: 003/050 | Batch 0150/0462 | Cost: 13.2506
Epoch: 003/050 | Batch 0200/0462 | Cost: 13.1977
Epoch: 003/050 | Batch 0250/0462 | Cost: 13.0091
Epoch: 003/050 | Batch 0300/0462 | Cost: 12.8829
Epoch: 003/050 | Batch 0350/0462 | Cost: 12.4156
Epoch: 003/050 | Batch 0400/0462 | Cost: 12.6732
Epoch: 003/050 | Batch 0450/0462 | Cost: 12.5889
Epoch: 003/050 | Batch 0450/0462 | Cost: 12.5889
Time elapsed: 15.07 min
Epoch: 004/050 | Batch 0000/0462 | Cost: 45.3490
Epoch: 004/050 | Batch 0050/0462 | Cost: 12.5134
Epoch: 004/050 | Batch 0100/0462 | Cost: 12.6518
Epoch: 004/050 | Batch 0150/0462 | Cost: 11.8498
Epoch: 004/050 | Batch 0200/0462 | Cost: 11.8379
Epoch: 004/050 | Batch 0250/0462 | Cost: 12.5737
Epoch: 004/050 | Batch 0300/0462 | Cost: 11.5962
Epoch: 004/050 | Batch 0350/0462 | Cost: 12.3077
Epoch: 004/050 | Batch 0400/0462 | Cost: 12.1254
Epoch: 004/050 | Batch 0450/0462 | Cost: 11.3021
Epoch: 004/050 | Batch 0450/0462 | Cost: 11.3021
Time elapsed: 20.11 min
Epoch: 005/050 | Batch 0000/0462 | Cost: 24.6201
Epoch: 005/050 | Batch 0050/0462 | Cost: 11.7436
Epoch: 005/050 | Batch 0100/0462 | Cost: 11.3460
Epoch: 005/050 | Batch 0150/0462 | Cost: 11.7863
Epoch: 005/050 | Batch 0200/0462 | Cost: 11.7524
Epoch: 005/050 | Batch 0250/0462 | Cost: 11.1231
Epoch: 005/050 | Batch 0300/0462 | Cost: 11.2540
Epoch: 005/050 | Batch 0350/0462 | Cost: 11.0085
Epoch: 005/050 | Batch 0400/0462 | Cost: 11.0299
Epoch: 005/050 | Batch 0450/0462 | Cost: 10.7309
Epoch: 005/050 | Batch 0450/0462 | Cost: 10.7309
Time elapsed: 25.14 min
Epoch: 006/050 | Batch 0000/0462 | Cost: 41.4439
Epoch: 006/050 | Batch 0050/0462 | Cost: 10.3870
Epoch: 006/050 | Batch 0100/0462 | Cost: 10.7645
Epoch: 006/050 | Batch 0150/0462 | Cost: 10.4837
Epoch: 006/050 | Batch 0200/0462 | Cost: 10.4609
Epoch: 006/050 | Batch 0250/0462 | Cost: 10.6751
Epoch: 006/050 | Batch 0300/0462 | Cost: 10.4284
Epoch: 006/050 | Batch 0350/0462 | Cost: 10.3659
Epoch: 006/050 | Batch 0400/0462 | Cost: 10.5375
Epoch: 006/050 | Batch 0450/0462 | Cost: 10.4730
Epoch: 006/050 | Batch 0450/0462 | Cost: 10.4730
Time elapsed: 30.18 min
Epoch: 007/050 | Batch 0000/0462 | Cost: 15.8878
Epoch: 007/050 | Batch 0050/0462 | Cost: 10.4066
Epoch: 007/050 | Batch 0100/0462 | Cost: 10.0485
Epoch: 007/050 | Batch 0150/0462 | Cost: 10.5731
Epoch: 007/050 | Batch 0200/0462 | Cost: 10.0591
Epoch: 007/050 | Batch 0250/0462 | Cost: 9.8741
Epoch: 007/050 | Batch 0300/0462 | Cost: 10.0271
Epoch: 007/050 | Batch 0350/0462 | Cost: 10.3987
Epoch: 007/050 | Batch 0400/0462 | Cost: 9.8711
Epoch: 007/050 | Batch 0450/0462 | Cost: 9.6200
Epoch: 007/050 | Batch 0450/0462 | Cost: 9.6200
Time elapsed: 35.22 min
Epoch: 008/050 | Batch 0000/0462 | Cost: 28.1895
Epoch: 008/050 | Batch 0050/0462 | Cost: 10.1453
Epoch: 008/050 | Batch 0100/0462 | Cost: 9.7360
Epoch: 008/050 | Batch 0150/0462 | Cost: 9.6411
Epoch: 008/050 | Batch 0200/0462 | Cost: 9.8398
Epoch: 008/050 | Batch 0250/0462 | Cost: 9.5930
Epoch: 008/050 | Batch 0300/0462 | Cost: 10.0987
Epoch: 008/050 | Batch 0350/0462 | Cost: 9.4532
Epoch: 008/050 | Batch 0400/0462 | Cost: 9.5727
Epoch: 008/050 | Batch 0450/0462 | Cost: 9.3810
Epoch: 008/050 | Batch 0450/0462 | Cost: 9.3810
Time elapsed: 40.23 min
Epoch: 009/050 | Batch 0000/0462 | Cost: 27.2901
Epoch: 009/050 | Batch 0050/0462 | Cost: 9.2058
Epoch: 009/050 | Batch 0100/0462 | Cost: 8.9148
Epoch: 009/050 | Batch 0150/0462 | Cost: 9.6889
Epoch: 009/050 | Batch 0200/0462 | Cost: 9.5819
Epoch: 009/050 | Batch 0250/0462 | Cost: 8.9841
Epoch: 009/050 | Batch 0300/0462 | Cost: 9.3817
Epoch: 009/050 | Batch 0350/0462 | Cost: 8.9657
Epoch: 009/050 | Batch 0400/0462 | Cost: 9.1340
Epoch: 009/050 | Batch 0450/0462 | Cost: 9.5523
Epoch: 009/050 | Batch 0450/0462 | Cost: 9.5523
Time elapsed: 45.25 min
Epoch: 010/050 | Batch 0000/0462 | Cost: 27.7445
Epoch: 010/050 | Batch 0050/0462 | Cost: 9.2571
Epoch: 010/050 | Batch 0100/0462 | Cost: 9.0324
Epoch: 010/050 | Batch 0150/0462 | Cost: 8.9986
Epoch: 010/050 | Batch 0200/0462 | Cost: 8.8807
Epoch: 010/050 | Batch 0250/0462 | Cost: 8.9154
Epoch: 010/050 | Batch 0300/0462 | Cost: 9.0291
Epoch: 010/050 | Batch 0350/0462 | Cost: 8.6342
Epoch: 010/050 | Batch 0400/0462 | Cost: 8.8921
Epoch: 010/050 | Batch 0450/0462 | Cost: 9.1291
Epoch: 010/050 | Batch 0450/0462 | Cost: 9.1291
Time elapsed: 50.27 min
Epoch: 011/050 | Batch 0000/0462 | Cost: 15.7057
Epoch: 011/050 | Batch 0050/0462 | Cost: 8.7281
Epoch: 011/050 | Batch 0100/0462 | Cost: 8.7371
Epoch: 011/050 | Batch 0150/0462 | Cost: 8.4849
Epoch: 011/050 | Batch 0200/0462 | Cost: 8.6543
Epoch: 011/050 | Batch 0250/0462 | Cost: 8.7986
Epoch: 011/050 | Batch 0300/0462 | Cost: 9.1494
Epoch: 011/050 | Batch 0350/0462 | Cost: 8.8214
Epoch: 011/050 | Batch 0400/0462 | Cost: 8.3214
Epoch: 011/050 | Batch 0450/0462 | Cost: 8.4498
Epoch: 011/050 | Batch 0450/0462 | Cost: 8.4498
Time elapsed: 55.29 min
Epoch: 012/050 | Batch 0000/0462 | Cost: 29.3785
Epoch: 012/050 | Batch 0050/0462 | Cost: 8.6233
Epoch: 012/050 | Batch 0100/0462 | Cost: 8.4741
Epoch: 012/050 | Batch 0150/0462 | Cost: 8.5545
Epoch: 012/050 | Batch 0200/0462 | Cost: 8.2775
Epoch: 012/050 | Batch 0250/0462 | Cost: 8.7464
Epoch: 012/050 | Batch 0300/0462 | Cost: 8.8978
Epoch: 012/050 | Batch 0350/0462 | Cost: 8.2977
Epoch: 012/050 | Batch 0400/0462 | Cost: 8.1822
Epoch: 012/050 | Batch 0450/0462 | Cost: 8.6511
Epoch: 012/050 | Batch 0450/0462 | Cost: 8.6511
Time elapsed: 60.31 min
Epoch: 013/050 | Batch 0000/0462 | Cost: 12.3625
Epoch: 013/050 | Batch 0050/0462 | Cost: 7.9170
Epoch: 013/050 | Batch 0100/0462 | Cost: 8.4386
Epoch: 013/050 | Batch 0150/0462 | Cost: 8.7698
Epoch: 013/050 | Batch 0200/0462 | Cost: 8.6488
Epoch: 013/050 | Batch 0250/0462 | Cost: 7.8868
Epoch: 013/050 | Batch 0300/0462 | Cost: 8.1485
Epoch: 013/050 | Batch 0350/0462 | Cost: 8.1192
Epoch: 013/050 | Batch 0400/0462 | Cost: 8.3103
Epoch: 013/050 | Batch 0450/0462 | Cost: 8.1024
Epoch: 013/050 | Batch 0450/0462 | Cost: 8.1024
Time elapsed: 65.33 min
Epoch: 014/050 | Batch 0000/0462 | Cost: 11.7324
Epoch: 014/050 | Batch 0050/0462 | Cost: 8.3422
Epoch: 014/050 | Batch 0100/0462 | Cost: 8.4962
Epoch: 014/050 | Batch 0150/0462 | Cost: 7.5938
Epoch: 014/050 | Batch 0200/0462 | Cost: 8.1936
Epoch: 014/050 | Batch 0250/0462 | Cost: 7.4144
Epoch: 014/050 | Batch 0300/0462 | Cost: 7.5432
Epoch: 014/050 | Batch 0350/0462 | Cost: 8.2848
Epoch: 014/050 | Batch 0400/0462 | Cost: 7.4104
Epoch: 014/050 | Batch 0450/0462 | Cost: 7.8702
Epoch: 014/050 | Batch 0450/0462 | Cost: 7.8702
Time elapsed: 70.35 min
Epoch: 015/050 | Batch 0000/0462 | Cost: 14.6557
Epoch: 015/050 | Batch 0050/0462 | Cost: 7.9688
Epoch: 015/050 | Batch 0100/0462 | Cost: 7.6621
Epoch: 015/050 | Batch 0150/0462 | Cost: 7.9042
Epoch: 015/050 | Batch 0200/0462 | Cost: 8.0872
Epoch: 015/050 | Batch 0250/0462 | Cost: 7.1351
Epoch: 015/050 | Batch 0300/0462 | Cost: 7.5991
Epoch: 015/050 | Batch 0350/0462 | Cost: 7.6202
Epoch: 015/050 | Batch 0400/0462 | Cost: 8.2408
Epoch: 015/050 | Batch 0450/0462 | Cost: 7.8209
Epoch: 015/050 | Batch 0450/0462 | Cost: 7.8209
Time elapsed: 75.37 min
Epoch: 016/050 | Batch 0000/0462 | Cost: 25.4694
Epoch: 016/050 | Batch 0050/0462 | Cost: 7.6443
Epoch: 016/050 | Batch 0100/0462 | Cost: 7.5893
Epoch: 016/050 | Batch 0150/0462 | Cost: 8.3111
Epoch: 016/050 | Batch 0200/0462 | Cost: 7.7240
Epoch: 016/050 | Batch 0250/0462 | Cost: 7.8563
Epoch: 016/050 | Batch 0300/0462 | Cost: 8.1255
Epoch: 016/050 | Batch 0350/0462 | Cost: 7.8402
Epoch: 016/050 | Batch 0400/0462 | Cost: 7.8469
Epoch: 016/050 | Batch 0450/0462 | Cost: 7.6476
Epoch: 016/050 | Batch 0450/0462 | Cost: 7.6476
Time elapsed: 80.40 min
Epoch: 017/050 | Batch 0000/0462 | Cost: 13.6058
Epoch: 017/050 | Batch 0050/0462 | Cost: 7.2112
Epoch: 017/050 | Batch 0100/0462 | Cost: 7.7263
Epoch: 017/050 | Batch 0150/0462 | Cost: 7.2610
Epoch: 017/050 | Batch 0200/0462 | Cost: 7.4269
Epoch: 017/050 | Batch 0250/0462 | Cost: 8.0381
Epoch: 017/050 | Batch 0300/0462 | Cost: 7.4041
Epoch: 017/050 | Batch 0350/0462 | Cost: 7.2222
Epoch: 017/050 | Batch 0400/0462 | Cost: 7.6856
Epoch: 017/050 | Batch 0450/0462 | Cost: 6.9898
Epoch: 017/050 | Batch 0450/0462 | Cost: 6.9898
Time elapsed: 85.42 min
Epoch: 018/050 | Batch 0000/0462 | Cost: 13.4275
Epoch: 018/050 | Batch 0050/0462 | Cost: 7.6318
Epoch: 018/050 | Batch 0100/0462 | Cost: 7.6758
Epoch: 018/050 | Batch 0150/0462 | Cost: 7.6091
Epoch: 018/050 | Batch 0200/0462 | Cost: 6.9229
Epoch: 018/050 | Batch 0250/0462 | Cost: 7.7798
Epoch: 018/050 | Batch 0300/0462 | Cost: 7.6964
Epoch: 018/050 | Batch 0350/0462 | Cost: 7.1646
Epoch: 018/050 | Batch 0400/0462 | Cost: 7.0607
Epoch: 018/050 | Batch 0450/0462 | Cost: 7.1535
Epoch: 018/050 | Batch 0450/0462 | Cost: 7.1535
Time elapsed: 90.44 min
Epoch: 019/050 | Batch 0000/0462 | Cost: 11.2663
Epoch: 019/050 | Batch 0050/0462 | Cost: 7.5578
Epoch: 019/050 | Batch 0100/0462 | Cost: 7.1211
Epoch: 019/050 | Batch 0150/0462 | Cost: 7.0452
Epoch: 019/050 | Batch 0200/0462 | Cost: 7.3554
Epoch: 019/050 | Batch 0250/0462 | Cost: 7.0120
Epoch: 019/050 | Batch 0300/0462 | Cost: 7.2586
Epoch: 019/050 | Batch 0350/0462 | Cost: 7.1061
Epoch: 019/050 | Batch 0400/0462 | Cost: 6.8256
Epoch: 019/050 | Batch 0450/0462 | Cost: 7.0668
Epoch: 019/050 | Batch 0450/0462 | Cost: 7.0668
Time elapsed: 95.46 min
Epoch: 020/050 | Batch 0000/0462 | Cost: 10.1107
Epoch: 020/050 | Batch 0050/0462 | Cost: 7.6825
Epoch: 020/050 | Batch 0100/0462 | Cost: 7.1422
Epoch: 020/050 | Batch 0150/0462 | Cost: 7.2530
Epoch: 020/050 | Batch 0200/0462 | Cost: 7.0257
Epoch: 020/050 | Batch 0250/0462 | Cost: 6.6450
Epoch: 020/050 | Batch 0300/0462 | Cost: 7.2392
Epoch: 020/050 | Batch 0350/0462 | Cost: 7.2624
Epoch: 020/050 | Batch 0400/0462 | Cost: 7.3931
Epoch: 020/050 | Batch 0450/0462 | Cost: 7.4068
Epoch: 020/050 | Batch 0450/0462 | Cost: 7.4068
Time elapsed: 100.47 min
Epoch: 021/050 | Batch 0000/0462 | Cost: 10.6336
Epoch: 021/050 | Batch 0050/0462 | Cost: 7.2441
Epoch: 021/050 | Batch 0100/0462 | Cost: 6.6802
Epoch: 021/050 | Batch 0150/0462 | Cost: 7.2447
Epoch: 021/050 | Batch 0200/0462 | Cost: 7.3941
Epoch: 021/050 | Batch 0250/0462 | Cost: 7.1857
Epoch: 021/050 | Batch 0300/0462 | Cost: 7.0915
Epoch: 021/050 | Batch 0350/0462 | Cost: 7.3771
Epoch: 021/050 | Batch 0400/0462 | Cost: 6.5329
Epoch: 021/050 | Batch 0450/0462 | Cost: 7.4610
Epoch: 021/050 | Batch 0450/0462 | Cost: 7.4610
Time elapsed: 105.49 min
Epoch: 022/050 | Batch 0000/0462 | Cost: 17.5736
Epoch: 022/050 | Batch 0050/0462 | Cost: 6.7406
Epoch: 022/050 | Batch 0100/0462 | Cost: 6.8415
Epoch: 022/050 | Batch 0150/0462 | Cost: 6.8894
Epoch: 022/050 | Batch 0200/0462 | Cost: 6.9254
Epoch: 022/050 | Batch 0250/0462 | Cost: 7.6420
Epoch: 022/050 | Batch 0300/0462 | Cost: 6.5261
Epoch: 022/050 | Batch 0350/0462 | Cost: 6.7519
Epoch: 022/050 | Batch 0400/0462 | Cost: 6.9990
Epoch: 022/050 | Batch 0450/0462 | Cost: 6.5428
Epoch: 022/050 | Batch 0450/0462 | Cost: 6.5428
Time elapsed: 110.51 min
Epoch: 023/050 | Batch 0000/0462 | Cost: 15.8575
Epoch: 023/050 | Batch 0050/0462 | Cost: 7.1448
Epoch: 023/050 | Batch 0100/0462 | Cost: 7.0783
Epoch: 023/050 | Batch 0150/0462 | Cost: 6.8950
Epoch: 023/050 | Batch 0200/0462 | Cost: 6.7094
Epoch: 023/050 | Batch 0250/0462 | Cost: 6.6780
Epoch: 023/050 | Batch 0300/0462 | Cost: 6.8701
Epoch: 023/050 | Batch 0350/0462 | Cost: 6.3867
Epoch: 023/050 | Batch 0400/0462 | Cost: 6.2739
Epoch: 023/050 | Batch 0450/0462 | Cost: 7.2863
Epoch: 023/050 | Batch 0450/0462 | Cost: 7.2863
Time elapsed: 115.52 min
Epoch: 024/050 | Batch 0000/0462 | Cost: 10.0053
Epoch: 024/050 | Batch 0050/0462 | Cost: 7.3709
Epoch: 024/050 | Batch 0100/0462 | Cost: 7.4248
Epoch: 024/050 | Batch 0150/0462 | Cost: 7.5020
Epoch: 024/050 | Batch 0200/0462 | Cost: 6.3588
Epoch: 024/050 | Batch 0250/0462 | Cost: 6.6405
Epoch: 024/050 | Batch 0300/0462 | Cost: 6.3524
Epoch: 024/050 | Batch 0350/0462 | Cost: 7.1963
Epoch: 024/050 | Batch 0400/0462 | Cost: 6.8765
Epoch: 024/050 | Batch 0450/0462 | Cost: 6.9090
Epoch: 024/050 | Batch 0450/0462 | Cost: 6.9090
Time elapsed: 120.53 min
Epoch: 025/050 | Batch 0000/0462 | Cost: 8.4842
Epoch: 025/050 | Batch 0050/0462 | Cost: 6.5763
Epoch: 025/050 | Batch 0100/0462 | Cost: 7.5778
Epoch: 025/050 | Batch 0150/0462 | Cost: 6.9447
Epoch: 025/050 | Batch 0200/0462 | Cost: 6.1316
Epoch: 025/050 | Batch 0250/0462 | Cost: 6.9973
Epoch: 025/050 | Batch 0300/0462 | Cost: 6.8704
Epoch: 025/050 | Batch 0350/0462 | Cost: 6.8852
Epoch: 025/050 | Batch 0400/0462 | Cost: 6.6299
Epoch: 025/050 | Batch 0450/0462 | Cost: 6.2262
Epoch: 025/050 | Batch 0450/0462 | Cost: 6.2262
Time elapsed: 125.55 min
Epoch: 026/050 | Batch 0000/0462 | Cost: 9.2429
Epoch: 026/050 | Batch 0050/0462 | Cost: 6.3314
Epoch: 026/050 | Batch 0100/0462 | Cost: 6.2126
Epoch: 026/050 | Batch 0150/0462 | Cost: 6.8441
Epoch: 026/050 | Batch 0200/0462 | Cost: 6.2048
Epoch: 026/050 | Batch 0250/0462 | Cost: 7.1631
Epoch: 026/050 | Batch 0300/0462 | Cost: 6.8176
Epoch: 026/050 | Batch 0350/0462 | Cost: 6.8985
Epoch: 026/050 | Batch 0400/0462 | Cost: 6.4848
Epoch: 026/050 | Batch 0450/0462 | Cost: 7.1863
Epoch: 026/050 | Batch 0450/0462 | Cost: 7.1863
Time elapsed: 130.57 min
Epoch: 027/050 | Batch 0000/0462 | Cost: 9.5929
Epoch: 027/050 | Batch 0050/0462 | Cost: 6.6252
Epoch: 027/050 | Batch 0100/0462 | Cost: 6.5267
Epoch: 027/050 | Batch 0150/0462 | Cost: 6.6900
Epoch: 027/050 | Batch 0200/0462 | Cost: 6.1313
Epoch: 027/050 | Batch 0250/0462 | Cost: 7.4727
Epoch: 027/050 | Batch 0300/0462 | Cost: 6.4959
Epoch: 027/050 | Batch 0350/0462 | Cost: 6.8080
Epoch: 027/050 | Batch 0400/0462 | Cost: 7.0366
Epoch: 027/050 | Batch 0450/0462 | Cost: 6.5891
Epoch: 027/050 | Batch 0450/0462 | Cost: 6.5891
Time elapsed: 135.59 min
Epoch: 028/050 | Batch 0000/0462 | Cost: 10.2123
Epoch: 028/050 | Batch 0050/0462 | Cost: 6.1796
Epoch: 028/050 | Batch 0100/0462 | Cost: 6.4637
Epoch: 028/050 | Batch 0150/0462 | Cost: 6.4101
Epoch: 028/050 | Batch 0200/0462 | Cost: 6.1396
Epoch: 028/050 | Batch 0250/0462 | Cost: 6.6028
Epoch: 028/050 | Batch 0300/0462 | Cost: 6.8762
Epoch: 028/050 | Batch 0350/0462 | Cost: 5.8363
Epoch: 028/050 | Batch 0400/0462 | Cost: 6.3347
Epoch: 028/050 | Batch 0450/0462 | Cost: 6.4465
Epoch: 028/050 | Batch 0450/0462 | Cost: 6.4465
Time elapsed: 140.61 min
Epoch: 029/050 | Batch 0000/0462 | Cost: 12.6992
Epoch: 029/050 | Batch 0050/0462 | Cost: 6.2386
Epoch: 029/050 | Batch 0100/0462 | Cost: 6.0064
Epoch: 029/050 | Batch 0150/0462 | Cost: 6.8864
Epoch: 029/050 | Batch 0200/0462 | Cost: 6.1344
Epoch: 029/050 | Batch 0250/0462 | Cost: 6.3818
Epoch: 029/050 | Batch 0300/0462 | Cost: 6.0170
Epoch: 029/050 | Batch 0350/0462 | Cost: 6.1972
Epoch: 029/050 | Batch 0400/0462 | Cost: 6.7256
Epoch: 029/050 | Batch 0450/0462 | Cost: 5.8463
Epoch: 029/050 | Batch 0450/0462 | Cost: 5.8463
Time elapsed: 145.63 min
Epoch: 030/050 | Batch 0000/0462 | Cost: 12.1625
Epoch: 030/050 | Batch 0050/0462 | Cost: 6.2921
Epoch: 030/050 | Batch 0100/0462 | Cost: 6.7523
Epoch: 030/050 | Batch 0150/0462 | Cost: 6.3930
Epoch: 030/050 | Batch 0200/0462 | Cost: 6.8958
Epoch: 030/050 | Batch 0250/0462 | Cost: 6.1109
Epoch: 030/050 | Batch 0300/0462 | Cost: 6.1863
Epoch: 030/050 | Batch 0350/0462 | Cost: 6.6481
Epoch: 030/050 | Batch 0400/0462 | Cost: 6.0513
Epoch: 030/050 | Batch 0450/0462 | Cost: 6.5187
Epoch: 030/050 | Batch 0450/0462 | Cost: 6.5187
Time elapsed: 150.64 min
Epoch: 031/050 | Batch 0000/0462 | Cost: 10.4128
Epoch: 031/050 | Batch 0050/0462 | Cost: 6.7794
Epoch: 031/050 | Batch 0100/0462 | Cost: 6.1743
Epoch: 031/050 | Batch 0150/0462 | Cost: 6.2202
Epoch: 031/050 | Batch 0200/0462 | Cost: 6.4374
Epoch: 031/050 | Batch 0250/0462 | Cost: 6.4922
Epoch: 031/050 | Batch 0300/0462 | Cost: 6.0999
Epoch: 031/050 | Batch 0350/0462 | Cost: 6.5191
Epoch: 031/050 | Batch 0400/0462 | Cost: 6.3249
Epoch: 031/050 | Batch 0450/0462 | Cost: 6.1777
Epoch: 031/050 | Batch 0450/0462 | Cost: 6.1777
Time elapsed: 155.66 min
Epoch: 032/050 | Batch 0000/0462 | Cost: 7.8904
Epoch: 032/050 | Batch 0050/0462 | Cost: 6.0574
Epoch: 032/050 | Batch 0100/0462 | Cost: 5.9732
Epoch: 032/050 | Batch 0150/0462 | Cost: 5.2964
Epoch: 032/050 | Batch 0200/0462 | Cost: 6.0357
Epoch: 032/050 | Batch 0250/0462 | Cost: 5.6185
Epoch: 032/050 | Batch 0300/0462 | Cost: 6.1848
Epoch: 032/050 | Batch 0350/0462 | Cost: 6.4610
Epoch: 032/050 | Batch 0400/0462 | Cost: 5.9578
Epoch: 032/050 | Batch 0450/0462 | Cost: 6.0569
Epoch: 032/050 | Batch 0450/0462 | Cost: 6.0569
Time elapsed: 160.68 min
Epoch: 033/050 | Batch 0000/0462 | Cost: 7.7536
Epoch: 033/050 | Batch 0050/0462 | Cost: 5.8312
Epoch: 033/050 | Batch 0100/0462 | Cost: 6.6987
Epoch: 033/050 | Batch 0150/0462 | Cost: 5.9469
Epoch: 033/050 | Batch 0200/0462 | Cost: 6.1453
Epoch: 033/050 | Batch 0250/0462 | Cost: 6.1350
Epoch: 033/050 | Batch 0300/0462 | Cost: 5.7241
Epoch: 033/050 | Batch 0350/0462 | Cost: 6.0187
Epoch: 033/050 | Batch 0400/0462 | Cost: 5.4860
Epoch: 033/050 | Batch 0450/0462 | Cost: 6.3271
Epoch: 033/050 | Batch 0450/0462 | Cost: 6.3271
Time elapsed: 165.70 min
Epoch: 034/050 | Batch 0000/0462 | Cost: 8.0344
Epoch: 034/050 | Batch 0050/0462 | Cost: 5.5255
Epoch: 034/050 | Batch 0100/0462 | Cost: 5.7540
Epoch: 034/050 | Batch 0150/0462 | Cost: 5.6919
Epoch: 034/050 | Batch 0200/0462 | Cost: 6.3294
Epoch: 034/050 | Batch 0250/0462 | Cost: 5.9050
Epoch: 034/050 | Batch 0300/0462 | Cost: 5.6810
Epoch: 034/050 | Batch 0350/0462 | Cost: 6.1548
Epoch: 034/050 | Batch 0400/0462 | Cost: 6.4503
Epoch: 034/050 | Batch 0450/0462 | Cost: 5.4841
Epoch: 034/050 | Batch 0450/0462 | Cost: 5.4841
Time elapsed: 170.72 min
Epoch: 035/050 | Batch 0000/0462 | Cost: 7.8759
Epoch: 035/050 | Batch 0050/0462 | Cost: 5.3558
Epoch: 035/050 | Batch 0100/0462 | Cost: 5.5446
Epoch: 035/050 | Batch 0150/0462 | Cost: 5.7716
Epoch: 035/050 | Batch 0200/0462 | Cost: 5.6034
Epoch: 035/050 | Batch 0250/0462 | Cost: 5.3993
Epoch: 035/050 | Batch 0300/0462 | Cost: 6.0384
Epoch: 035/050 | Batch 0350/0462 | Cost: 6.0542
Epoch: 035/050 | Batch 0400/0462 | Cost: 5.9096
Epoch: 035/050 | Batch 0450/0462 | Cost: 5.5011
Epoch: 035/050 | Batch 0450/0462 | Cost: 5.5011
Time elapsed: 175.75 min
Epoch: 036/050 | Batch 0000/0462 | Cost: 9.0894
Epoch: 036/050 | Batch 0050/0462 | Cost: 5.4961
Epoch: 036/050 | Batch 0100/0462 | Cost: 5.3172
Epoch: 036/050 | Batch 0150/0462 | Cost: 5.9417
Epoch: 036/050 | Batch 0200/0462 | Cost: 5.2146
Epoch: 036/050 | Batch 0250/0462 | Cost: 5.9988
Epoch: 036/050 | Batch 0300/0462 | Cost: 5.5378
Epoch: 036/050 | Batch 0350/0462 | Cost: 5.1729
Epoch: 036/050 | Batch 0400/0462 | Cost: 5.2514
Epoch: 036/050 | Batch 0450/0462 | Cost: 5.7360
Epoch: 036/050 | Batch 0450/0462 | Cost: 5.7360
Time elapsed: 180.77 min
Epoch: 037/050 | Batch 0000/0462 | Cost: 9.6605
Epoch: 037/050 | Batch 0050/0462 | Cost: 5.5440
Epoch: 037/050 | Batch 0100/0462 | Cost: 6.0283
Epoch: 037/050 | Batch 0150/0462 | Cost: 5.3731
Epoch: 037/050 | Batch 0200/0462 | Cost: 5.7275
Epoch: 037/050 | Batch 0250/0462 | Cost: 5.3880
Epoch: 037/050 | Batch 0300/0462 | Cost: 5.6057
Epoch: 037/050 | Batch 0350/0462 | Cost: 5.6773
Epoch: 037/050 | Batch 0400/0462 | Cost: 5.0559
Epoch: 037/050 | Batch 0450/0462 | Cost: 5.7119
Epoch: 037/050 | Batch 0450/0462 | Cost: 5.7119
Time elapsed: 185.79 min
Epoch: 038/050 | Batch 0000/0462 | Cost: 11.4862
Epoch: 038/050 | Batch 0050/0462 | Cost: 5.6846
Epoch: 038/050 | Batch 0100/0462 | Cost: 5.6819
Epoch: 038/050 | Batch 0150/0462 | Cost: 6.0284
Epoch: 038/050 | Batch 0200/0462 | Cost: 5.0081
Epoch: 038/050 | Batch 0250/0462 | Cost: 5.6537
Epoch: 038/050 | Batch 0300/0462 | Cost: 6.3880
Epoch: 038/050 | Batch 0350/0462 | Cost: 5.1508
Epoch: 038/050 | Batch 0400/0462 | Cost: 5.7691
Epoch: 038/050 | Batch 0450/0462 | Cost: 5.3015
Epoch: 038/050 | Batch 0450/0462 | Cost: 5.3015
Time elapsed: 190.80 min
Epoch: 039/050 | Batch 0000/0462 | Cost: 9.8797
Epoch: 039/050 | Batch 0050/0462 | Cost: 5.2010
Epoch: 039/050 | Batch 0100/0462 | Cost: 5.4029
Epoch: 039/050 | Batch 0150/0462 | Cost: 5.1292
Epoch: 039/050 | Batch 0200/0462 | Cost: 5.6924
Epoch: 039/050 | Batch 0250/0462 | Cost: 4.9982
Epoch: 039/050 | Batch 0300/0462 | Cost: 5.7959
Epoch: 039/050 | Batch 0350/0462 | Cost: 5.4090
Epoch: 039/050 | Batch 0400/0462 | Cost: 5.5480
Epoch: 039/050 | Batch 0450/0462 | Cost: 5.8838
Epoch: 039/050 | Batch 0450/0462 | Cost: 5.8838
Time elapsed: 195.82 min
Epoch: 040/050 | Batch 0000/0462 | Cost: 10.0923
Epoch: 040/050 | Batch 0050/0462 | Cost: 4.9491
Epoch: 040/050 | Batch 0100/0462 | Cost: 5.1174
Epoch: 040/050 | Batch 0150/0462 | Cost: 5.3682
Epoch: 040/050 | Batch 0200/0462 | Cost: 5.0499
Epoch: 040/050 | Batch 0250/0462 | Cost: 4.8591
Epoch: 040/050 | Batch 0300/0462 | Cost: 5.2741
Epoch: 040/050 | Batch 0350/0462 | Cost: 4.9947
Epoch: 040/050 | Batch 0400/0462 | Cost: 5.4060
Epoch: 040/050 | Batch 0450/0462 | Cost: 5.4967
Epoch: 040/050 | Batch 0450/0462 | Cost: 5.4967
Time elapsed: 200.84 min
Epoch: 041/050 | Batch 0000/0462 | Cost: 9.6370
Epoch: 041/050 | Batch 0050/0462 | Cost: 4.9311
Epoch: 041/050 | Batch 0100/0462 | Cost: 4.9895
Epoch: 041/050 | Batch 0150/0462 | Cost: 5.5249
Epoch: 041/050 | Batch 0200/0462 | Cost: 5.3493
Epoch: 041/050 | Batch 0250/0462 | Cost: 5.3605
Epoch: 041/050 | Batch 0300/0462 | Cost: 5.4075
Epoch: 041/050 | Batch 0350/0462 | Cost: 5.7949
Epoch: 041/050 | Batch 0400/0462 | Cost: 4.7827
Epoch: 041/050 | Batch 0450/0462 | Cost: 5.6726
Epoch: 041/050 | Batch 0450/0462 | Cost: 5.6726
Time elapsed: 205.87 min
Epoch: 042/050 | Batch 0000/0462 | Cost: 7.9215
Epoch: 042/050 | Batch 0050/0462 | Cost: 5.0254
Epoch: 042/050 | Batch 0100/0462 | Cost: 5.4367
Epoch: 042/050 | Batch 0150/0462 | Cost: 5.3221
Epoch: 042/050 | Batch 0200/0462 | Cost: 5.0525
Epoch: 042/050 | Batch 0250/0462 | Cost: 5.4436
Epoch: 042/050 | Batch 0300/0462 | Cost: 5.0007
Epoch: 042/050 | Batch 0350/0462 | Cost: 5.3851
Epoch: 042/050 | Batch 0400/0462 | Cost: 5.0811
Epoch: 042/050 | Batch 0450/0462 | Cost: 5.0492
Epoch: 042/050 | Batch 0450/0462 | Cost: 5.0492
Time elapsed: 210.89 min
Epoch: 043/050 | Batch 0000/0462 | Cost: 8.6538
Epoch: 043/050 | Batch 0050/0462 | Cost: 4.9135
Epoch: 043/050 | Batch 0100/0462 | Cost: 5.0875
Epoch: 043/050 | Batch 0150/0462 | Cost: 5.0405
Epoch: 043/050 | Batch 0200/0462 | Cost: 5.0825
Epoch: 043/050 | Batch 0250/0462 | Cost: 4.9240
Epoch: 043/050 | Batch 0300/0462 | Cost: 5.1903
Epoch: 043/050 | Batch 0350/0462 | Cost: 4.8621
Epoch: 043/050 | Batch 0400/0462 | Cost: 4.8141
Epoch: 043/050 | Batch 0450/0462 | Cost: 4.7248
Epoch: 043/050 | Batch 0450/0462 | Cost: 4.7248
Time elapsed: 215.90 min
Epoch: 044/050 | Batch 0000/0462 | Cost: 8.6769
Epoch: 044/050 | Batch 0050/0462 | Cost: 4.6540
Epoch: 044/050 | Batch 0100/0462 | Cost: 5.3686
Epoch: 044/050 | Batch 0150/0462 | Cost: 5.0450
Epoch: 044/050 | Batch 0200/0462 | Cost: 5.0034
Epoch: 044/050 | Batch 0250/0462 | Cost: 4.8714
Epoch: 044/050 | Batch 0300/0462 | Cost: 4.6317
Epoch: 044/050 | Batch 0350/0462 | Cost: 5.0425
Epoch: 044/050 | Batch 0400/0462 | Cost: 4.6401
Epoch: 044/050 | Batch 0450/0462 | Cost: 4.6893
Epoch: 044/050 | Batch 0450/0462 | Cost: 4.6893
Time elapsed: 220.91 min
Epoch: 045/050 | Batch 0000/0462 | Cost: 8.7337
Epoch: 045/050 | Batch 0050/0462 | Cost: 4.7849
Epoch: 045/050 | Batch 0100/0462 | Cost: 5.0301
Epoch: 045/050 | Batch 0150/0462 | Cost: 4.7214
Epoch: 045/050 | Batch 0200/0462 | Cost: 5.0933
Epoch: 045/050 | Batch 0250/0462 | Cost: 4.9471
Epoch: 045/050 | Batch 0300/0462 | Cost: 4.7280
Epoch: 045/050 | Batch 0350/0462 | Cost: 4.8812
Epoch: 045/050 | Batch 0400/0462 | Cost: 4.7278
Epoch: 045/050 | Batch 0450/0462 | Cost: 4.7086
Epoch: 045/050 | Batch 0450/0462 | Cost: 4.7086
Time elapsed: 225.93 min
Epoch: 046/050 | Batch 0000/0462 | Cost: 8.2573
Epoch: 046/050 | Batch 0050/0462 | Cost: 4.4842
Epoch: 046/050 | Batch 0100/0462 | Cost: 4.8320
Epoch: 046/050 | Batch 0150/0462 | Cost: 4.5278
Epoch: 046/050 | Batch 0200/0462 | Cost: 4.6364
Epoch: 046/050 | Batch 0250/0462 | Cost: 4.5186
Epoch: 046/050 | Batch 0300/0462 | Cost: 4.9110
Epoch: 046/050 | Batch 0350/0462 | Cost: 5.0280
Epoch: 046/050 | Batch 0400/0462 | Cost: 4.2734
Epoch: 046/050 | Batch 0450/0462 | Cost: 4.6797
Epoch: 046/050 | Batch 0450/0462 | Cost: 4.6797
Time elapsed: 230.94 min
Epoch: 047/050 | Batch 0000/0462 | Cost: 10.1189
Epoch: 047/050 | Batch 0050/0462 | Cost: 4.9811
Epoch: 047/050 | Batch 0100/0462 | Cost: 4.6714
Epoch: 047/050 | Batch 0150/0462 | Cost: 5.0681
Epoch: 047/050 | Batch 0200/0462 | Cost: 4.9364
Epoch: 047/050 | Batch 0250/0462 | Cost: 4.6139
Epoch: 047/050 | Batch 0300/0462 | Cost: 5.1566
Epoch: 047/050 | Batch 0350/0462 | Cost: 5.1105
Epoch: 047/050 | Batch 0400/0462 | Cost: 4.5856
Epoch: 047/050 | Batch 0450/0462 | Cost: 4.8989
Epoch: 047/050 | Batch 0450/0462 | Cost: 4.8989
Time elapsed: 235.95 min
Epoch: 048/050 | Batch 0000/0462 | Cost: 10.5559
Epoch: 048/050 | Batch 0050/0462 | Cost: 5.2112
Epoch: 048/050 | Batch 0100/0462 | Cost: 4.7012
Epoch: 048/050 | Batch 0150/0462 | Cost: 4.5258
Epoch: 048/050 | Batch 0200/0462 | Cost: 4.6311
Epoch: 048/050 | Batch 0250/0462 | Cost: 4.2651
Epoch: 048/050 | Batch 0300/0462 | Cost: 4.9282
Epoch: 048/050 | Batch 0350/0462 | Cost: 5.3159
Epoch: 048/050 | Batch 0400/0462 | Cost: 5.2191
Epoch: 048/050 | Batch 0450/0462 | Cost: 4.9221
Epoch: 048/050 | Batch 0450/0462 | Cost: 4.9221
Time elapsed: 240.99 min
Epoch: 049/050 | Batch 0000/0462 | Cost: 8.6630
Epoch: 049/050 | Batch 0050/0462 | Cost: 4.5639
Epoch: 049/050 | Batch 0100/0462 | Cost: 4.4922
Epoch: 049/050 | Batch 0150/0462 | Cost: 4.2676
Epoch: 049/050 | Batch 0200/0462 | Cost: 4.5431
Epoch: 049/050 | Batch 0250/0462 | Cost: 4.5156
Epoch: 049/050 | Batch 0300/0462 | Cost: 4.3417
Epoch: 049/050 | Batch 0350/0462 | Cost: 4.2933
Epoch: 049/050 | Batch 0400/0462 | Cost: 5.1534
Epoch: 049/050 | Batch 0450/0462 | Cost: 4.4889
Epoch: 049/050 | Batch 0450/0462 | Cost: 4.4889
Time elapsed: 246.04 min
Epoch: 050/050 | Batch 0000/0462 | Cost: 7.8012
Epoch: 050/050 | Batch 0050/0462 | Cost: 4.2111
Epoch: 050/050 | Batch 0100/0462 | Cost: 4.7249
Epoch: 050/050 | Batch 0150/0462 | Cost: 4.2916
Epoch: 050/050 | Batch 0200/0462 | Cost: 4.2694
Epoch: 050/050 | Batch 0250/0462 | Cost: 5.1967
Epoch: 050/050 | Batch 0300/0462 | Cost: 4.4686
Epoch: 050/050 | Batch 0350/0462 | Cost: 4.7203
Epoch: 050/050 | Batch 0400/0462 | Cost: 4.5833
Epoch: 050/050 | Batch 0450/0462 | Cost: 4.3025
Epoch: 050/050 | Batch 0450/0462 | Cost: 4.3025
Time elapsed: 250.80 min
MAE/RMSE: | Train: 1.95/2.64 | Valid: 6.75/8.15 | Test: 3.68/5.10
Total Training Time: 252.96 min
