PyTorch Version: 1.13.1
CUDA device available: True
Using CUDA device: cuda:0
Random Seed: 1
Task Importance Weight: 0
Output Path: cacd_coral_basic
Script: cacd-coral-copy.py
Epoch: 001/050 | Batch 0000/0448 | Cost: 35.4081
Epoch: 001/050 | Batch 0050/0448 | Cost: 32.9263
Epoch: 001/050 | Batch 0100/0448 | Cost: 32.6684
Epoch: 001/050 | Batch 0150/0448 | Cost: 32.2569
Epoch: 001/050 | Batch 0200/0448 | Cost: 31.9108
Epoch: 001/050 | Batch 0250/0448 | Cost: 31.5523
Epoch: 001/050 | Batch 0300/0448 | Cost: 31.0847
Epoch: 001/050 | Batch 0350/0448 | Cost: 30.8538
Epoch: 001/050 | Batch 0400/0448 | Cost: 30.6455
MAE/RMSE: | Current Valid: 13.86/17.06 Ep. 0 | Best Valid : 13.86/17.06 Ep. 0
Time elapsed: 19.79 min
Epoch: 002/050 | Batch 0000/0448 | Cost: 46.7290
Epoch: 002/050 | Batch 0050/0448 | Cost: 30.3616
Epoch: 002/050 | Batch 0100/0448 | Cost: 30.0365
Epoch: 002/050 | Batch 0150/0448 | Cost: 29.8329
Epoch: 002/050 | Batch 0200/0448 | Cost: 29.4512
Epoch: 002/050 | Batch 0250/0448 | Cost: 29.0887
Epoch: 002/050 | Batch 0300/0448 | Cost: 29.1234
Epoch: 002/050 | Batch 0350/0448 | Cost: 28.5896
Epoch: 002/050 | Batch 0400/0448 | Cost: 28.4650
MAE/RMSE: | Current Valid: 10.68/13.13 Ep. 1 | Best Valid : 10.68/13.13 Ep. 1
Time elapsed: 57.77 min
Epoch: 003/050 | Batch 0000/0448 | Cost: 111.7176
Epoch: 003/050 | Batch 0050/0448 | Cost: 27.7062
Epoch: 003/050 | Batch 0100/0448 | Cost: 27.6015
Epoch: 003/050 | Batch 0150/0448 | Cost: 27.2886
Epoch: 003/050 | Batch 0200/0448 | Cost: 27.0417
Epoch: 003/050 | Batch 0250/0448 | Cost: 26.8361
Epoch: 003/050 | Batch 0300/0448 | Cost: 26.2403
Epoch: 003/050 | Batch 0350/0448 | Cost: 25.8328
Epoch: 003/050 | Batch 0400/0448 | Cost: 25.2146
MAE/RMSE: | Current Valid: 9.08/11.11 Ep. 2 | Best Valid : 9.08/11.11 Ep. 2
Time elapsed: 68.39 min
Epoch: 004/050 | Batch 0000/0448 | Cost: 82.0015
Epoch: 004/050 | Batch 0050/0448 | Cost: 24.9506
Epoch: 004/050 | Batch 0100/0448 | Cost: 25.4277
Epoch: 004/050 | Batch 0150/0448 | Cost: 24.9604
Epoch: 004/050 | Batch 0200/0448 | Cost: 24.9406
Epoch: 004/050 | Batch 0250/0448 | Cost: 24.7234
Epoch: 004/050 | Batch 0300/0448 | Cost: 25.3081
Epoch: 004/050 | Batch 0350/0448 | Cost: 24.4151
Epoch: 004/050 | Batch 0400/0448 | Cost: 24.1335
MAE/RMSE: | Current Valid: 9.47/11.77 Ep. 3 | Best Valid : 9.08/11.11 Ep. 2
Time elapsed: 79.35 min
Epoch: 005/050 | Batch 0000/0448 | Cost: 82.1762
Epoch: 005/050 | Batch 0050/0448 | Cost: 23.7396
Epoch: 005/050 | Batch 0100/0448 | Cost: 23.8910
Epoch: 005/050 | Batch 0150/0448 | Cost: 23.2069
Epoch: 005/050 | Batch 0200/0448 | Cost: 22.9660
Epoch: 005/050 | Batch 0250/0448 | Cost: 23.5231
Epoch: 005/050 | Batch 0300/0448 | Cost: 22.8896
Epoch: 005/050 | Batch 0350/0448 | Cost: 22.7654
Epoch: 005/050 | Batch 0400/0448 | Cost: 22.9063
MAE/RMSE: | Current Valid: 8.91/10.90 Ep. 4 | Best Valid : 8.91/10.90 Ep. 4
Time elapsed: 89.98 min
Epoch: 006/050 | Batch 0000/0448 | Cost: 53.4640
Epoch: 006/050 | Batch 0050/0448 | Cost: 22.3509
Epoch: 006/050 | Batch 0100/0448 | Cost: 22.0566
Epoch: 006/050 | Batch 0150/0448 | Cost: 21.7805
Epoch: 006/050 | Batch 0200/0448 | Cost: 23.2066
Epoch: 006/050 | Batch 0250/0448 | Cost: 21.8186
Epoch: 006/050 | Batch 0300/0448 | Cost: 22.2294
Epoch: 006/050 | Batch 0350/0448 | Cost: 21.7686
Epoch: 006/050 | Batch 0400/0448 | Cost: 22.5685
MAE/RMSE: | Current Valid: 8.24/10.16 Ep. 5 | Best Valid : 8.24/10.16 Ep. 5
Time elapsed: 100.47 min
Epoch: 007/050 | Batch 0000/0448 | Cost: 60.3047
Epoch: 007/050 | Batch 0050/0448 | Cost: 20.7865
Epoch: 007/050 | Batch 0100/0448 | Cost: 21.8110
Epoch: 007/050 | Batch 0150/0448 | Cost: 21.9105
Epoch: 007/050 | Batch 0200/0448 | Cost: 21.1499
Epoch: 007/050 | Batch 0250/0448 | Cost: 20.6059
Epoch: 007/050 | Batch 0300/0448 | Cost: 21.0727
Epoch: 007/050 | Batch 0350/0448 | Cost: 20.1115
Epoch: 007/050 | Batch 0400/0448 | Cost: 21.5282
MAE/RMSE: | Current Valid: 8.33/10.46 Ep. 6 | Best Valid : 8.24/10.16 Ep. 5
Time elapsed: 110.97 min
Epoch: 008/050 | Batch 0000/0448 | Cost: 63.4634
Epoch: 008/050 | Batch 0050/0448 | Cost: 20.0314
Epoch: 008/050 | Batch 0100/0448 | Cost: 21.2421
Epoch: 008/050 | Batch 0150/0448 | Cost: 19.7810
Epoch: 008/050 | Batch 0200/0448 | Cost: 20.4247
Epoch: 008/050 | Batch 0250/0448 | Cost: 20.4559
Epoch: 008/050 | Batch 0300/0448 | Cost: 20.6007
Epoch: 008/050 | Batch 0350/0448 | Cost: 19.4436
Epoch: 008/050 | Batch 0400/0448 | Cost: 19.7900
MAE/RMSE: | Current Valid: 7.72/9.67 Ep. 7 | Best Valid : 7.72/9.67 Ep. 7
Time elapsed: 121.71 min
Epoch: 009/050 | Batch 0000/0448 | Cost: 43.4996
Epoch: 009/050 | Batch 0050/0448 | Cost: 20.0416
Epoch: 009/050 | Batch 0100/0448 | Cost: 19.6058
Epoch: 009/050 | Batch 0150/0448 | Cost: 19.2271
Epoch: 009/050 | Batch 0200/0448 | Cost: 19.5966
Epoch: 009/050 | Batch 0250/0448 | Cost: 20.8249
Epoch: 009/050 | Batch 0300/0448 | Cost: 19.4739
Epoch: 009/050 | Batch 0350/0448 | Cost: 19.2542
Epoch: 009/050 | Batch 0400/0448 | Cost: 18.4881
MAE/RMSE: | Current Valid: 7.64/9.52 Ep. 8 | Best Valid : 7.64/9.52 Ep. 8
Time elapsed: 132.52 min
Epoch: 010/050 | Batch 0000/0448 | Cost: 34.7577
Epoch: 010/050 | Batch 0050/0448 | Cost: 19.0612
Epoch: 010/050 | Batch 0100/0448 | Cost: 19.3082
Epoch: 010/050 | Batch 0150/0448 | Cost: 18.9776
Epoch: 010/050 | Batch 0200/0448 | Cost: 18.9169
Epoch: 010/050 | Batch 0250/0448 | Cost: 18.9229
Epoch: 010/050 | Batch 0300/0448 | Cost: 19.5452
Epoch: 010/050 | Batch 0350/0448 | Cost: 19.5206
Epoch: 010/050 | Batch 0400/0448 | Cost: 18.9331
MAE/RMSE: | Current Valid: 7.70/9.73 Ep. 9 | Best Valid : 7.64/9.52 Ep. 8
Time elapsed: 281.69 min
Epoch: 011/050 | Batch 0000/0448 | Cost: 37.8337
Epoch: 011/050 | Batch 0050/0448 | Cost: 17.9818
Epoch: 011/050 | Batch 0100/0448 | Cost: 18.4929
Epoch: 011/050 | Batch 0150/0448 | Cost: 18.6087
Epoch: 011/050 | Batch 0200/0448 | Cost: 18.1712
Epoch: 011/050 | Batch 0250/0448 | Cost: 18.9216
Epoch: 011/050 | Batch 0300/0448 | Cost: 19.7463
Epoch: 011/050 | Batch 0350/0448 | Cost: 17.9577
Epoch: 011/050 | Batch 0400/0448 | Cost: 18.5746
MAE/RMSE: | Current Valid: 7.43/9.31 Ep. 10 | Best Valid : 7.43/9.31 Ep. 10
Time elapsed: 292.00 min
Epoch: 012/050 | Batch 0000/0448 | Cost: 38.0953
Epoch: 012/050 | Batch 0050/0448 | Cost: 17.2565
Epoch: 012/050 | Batch 0100/0448 | Cost: 17.6260
Epoch: 012/050 | Batch 0150/0448 | Cost: 17.8331
Epoch: 012/050 | Batch 0200/0448 | Cost: 18.5355
Epoch: 012/050 | Batch 0250/0448 | Cost: 17.7360
Epoch: 012/050 | Batch 0300/0448 | Cost: 16.8659
Epoch: 012/050 | Batch 0350/0448 | Cost: 17.9730
Epoch: 012/050 | Batch 0400/0448 | Cost: 18.4740
MAE/RMSE: | Current Valid: 7.30/9.24 Ep. 11 | Best Valid : 7.30/9.24 Ep. 11
Time elapsed: 302.14 min
Epoch: 013/050 | Batch 0000/0448 | Cost: 44.6821
Epoch: 013/050 | Batch 0050/0448 | Cost: 17.5000
Epoch: 013/050 | Batch 0100/0448 | Cost: 17.1389
Epoch: 013/050 | Batch 0150/0448 | Cost: 16.7280
Epoch: 013/050 | Batch 0200/0448 | Cost: 17.3915
Epoch: 013/050 | Batch 0250/0448 | Cost: 18.4588
Epoch: 013/050 | Batch 0300/0448 | Cost: 17.2774
Epoch: 013/050 | Batch 0350/0448 | Cost: 17.7513
Epoch: 013/050 | Batch 0400/0448 | Cost: 17.0497
MAE/RMSE: | Current Valid: 7.29/9.20 Ep. 12 | Best Valid : 7.29/9.20 Ep. 12
Time elapsed: 312.42 min
Epoch: 014/050 | Batch 0000/0448 | Cost: 41.7144
Epoch: 014/050 | Batch 0050/0448 | Cost: 17.9477
Epoch: 014/050 | Batch 0100/0448 | Cost: 16.5342
Epoch: 014/050 | Batch 0150/0448 | Cost: 18.0493
Epoch: 014/050 | Batch 0200/0448 | Cost: 16.8857
Epoch: 014/050 | Batch 0250/0448 | Cost: 17.5383
Epoch: 014/050 | Batch 0300/0448 | Cost: 16.8497
Epoch: 014/050 | Batch 0350/0448 | Cost: 16.2588
Epoch: 014/050 | Batch 0400/0448 | Cost: 17.2669
MAE/RMSE: | Current Valid: 7.18/9.16 Ep. 13 | Best Valid : 7.18/9.16 Ep. 13
Time elapsed: 322.71 min
Epoch: 015/050 | Batch 0000/0448 | Cost: 35.3058
Epoch: 015/050 | Batch 0050/0448 | Cost: 17.0412
Epoch: 015/050 | Batch 0100/0448 | Cost: 16.3089
Epoch: 015/050 | Batch 0150/0448 | Cost: 17.3813
Epoch: 015/050 | Batch 0200/0448 | Cost: 16.7169
Epoch: 015/050 | Batch 0250/0448 | Cost: 16.3184
Epoch: 015/050 | Batch 0300/0448 | Cost: 16.8638
Epoch: 015/050 | Batch 0350/0448 | Cost: 16.9428
Epoch: 015/050 | Batch 0400/0448 | Cost: 17.0959
MAE/RMSE: | Current Valid: 7.08/8.99 Ep. 14 | Best Valid : 7.08/8.99 Ep. 14
Time elapsed: 332.98 min
Epoch: 016/050 | Batch 0000/0448 | Cost: 31.3768
Epoch: 016/050 | Batch 0050/0448 | Cost: 16.6117
Epoch: 016/050 | Batch 0100/0448 | Cost: 16.6780
Epoch: 016/050 | Batch 0150/0448 | Cost: 16.9624
Epoch: 016/050 | Batch 0200/0448 | Cost: 16.8891
Epoch: 016/050 | Batch 0250/0448 | Cost: 16.3008
Epoch: 016/050 | Batch 0300/0448 | Cost: 16.7911
Epoch: 016/050 | Batch 0350/0448 | Cost: 16.2912
Epoch: 016/050 | Batch 0400/0448 | Cost: 17.0642
MAE/RMSE: | Current Valid: 6.96/8.94 Ep. 15 | Best Valid : 6.96/8.94 Ep. 15
Time elapsed: 343.29 min
Epoch: 017/050 | Batch 0000/0448 | Cost: 25.8297
Epoch: 017/050 | Batch 0050/0448 | Cost: 16.3436
Epoch: 017/050 | Batch 0100/0448 | Cost: 16.0956
Epoch: 017/050 | Batch 0150/0448 | Cost: 17.9317
Epoch: 017/050 | Batch 0200/0448 | Cost: 15.9809
Epoch: 017/050 | Batch 0250/0448 | Cost: 15.2653
Epoch: 017/050 | Batch 0300/0448 | Cost: 16.6411
Epoch: 017/050 | Batch 0350/0448 | Cost: 15.6578
Epoch: 017/050 | Batch 0400/0448 | Cost: 17.1466
MAE/RMSE: | Current Valid: 6.87/8.83 Ep. 16 | Best Valid : 6.87/8.83 Ep. 16
Time elapsed: 353.61 min
Epoch: 018/050 | Batch 0000/0448 | Cost: 25.4268
Epoch: 018/050 | Batch 0050/0448 | Cost: 16.3564
Epoch: 018/050 | Batch 0100/0448 | Cost: 15.9819
Epoch: 018/050 | Batch 0150/0448 | Cost: 16.5123
Epoch: 018/050 | Batch 0200/0448 | Cost: 16.3026
Epoch: 018/050 | Batch 0250/0448 | Cost: 16.2088
Epoch: 018/050 | Batch 0300/0448 | Cost: 16.5429
Epoch: 018/050 | Batch 0350/0448 | Cost: 15.4443
Epoch: 018/050 | Batch 0400/0448 | Cost: 16.0157
MAE/RMSE: | Current Valid: 6.96/8.93 Ep. 17 | Best Valid : 6.87/8.83 Ep. 16
Time elapsed: 363.92 min
Epoch: 019/050 | Batch 0000/0448 | Cost: 24.9848
Epoch: 019/050 | Batch 0050/0448 | Cost: 16.3246
Epoch: 019/050 | Batch 0100/0448 | Cost: 15.7432
Epoch: 019/050 | Batch 0150/0448 | Cost: 15.9075
Epoch: 019/050 | Batch 0200/0448 | Cost: 15.6105
Epoch: 019/050 | Batch 0250/0448 | Cost: 17.1656
Epoch: 019/050 | Batch 0300/0448 | Cost: 15.2216
Epoch: 019/050 | Batch 0350/0448 | Cost: 15.5345
Epoch: 019/050 | Batch 0400/0448 | Cost: 14.5243
MAE/RMSE: | Current Valid: 6.85/8.83 Ep. 18 | Best Valid : 6.85/8.83 Ep. 18
Time elapsed: 374.25 min
Epoch: 020/050 | Batch 0000/0448 | Cost: 35.0648
Epoch: 020/050 | Batch 0050/0448 | Cost: 15.5374
Epoch: 020/050 | Batch 0100/0448 | Cost: 15.1046
Epoch: 020/050 | Batch 0150/0448 | Cost: 15.2540
Epoch: 020/050 | Batch 0200/0448 | Cost: 16.7220
Epoch: 020/050 | Batch 0250/0448 | Cost: 15.8628
Epoch: 020/050 | Batch 0300/0448 | Cost: 16.4047
Epoch: 020/050 | Batch 0350/0448 | Cost: 15.0623
Epoch: 020/050 | Batch 0400/0448 | Cost: 15.7932
MAE/RMSE: | Current Valid: 6.85/8.85 Ep. 19 | Best Valid : 6.85/8.85 Ep. 19
Time elapsed: 384.25 min
Epoch: 021/050 | Batch 0000/0448 | Cost: 33.9220
Epoch: 021/050 | Batch 0050/0448 | Cost: 15.2952
Epoch: 021/050 | Batch 0100/0448 | Cost: 15.4329
Epoch: 021/050 | Batch 0150/0448 | Cost: 15.3115
Epoch: 021/050 | Batch 0200/0448 | Cost: 14.5715
Epoch: 021/050 | Batch 0250/0448 | Cost: 14.6458
Epoch: 021/050 | Batch 0300/0448 | Cost: 15.1395
Epoch: 021/050 | Batch 0350/0448 | Cost: 15.6935
Epoch: 021/050 | Batch 0400/0448 | Cost: 15.1740
MAE/RMSE: | Current Valid: 6.81/8.78 Ep. 20 | Best Valid : 6.81/8.78 Ep. 20
Time elapsed: 394.36 min
Epoch: 022/050 | Batch 0000/0448 | Cost: 27.1199
Epoch: 022/050 | Batch 0050/0448 | Cost: 14.6264
Epoch: 022/050 | Batch 0100/0448 | Cost: 15.4564
Epoch: 022/050 | Batch 0150/0448 | Cost: 15.1479
Epoch: 022/050 | Batch 0200/0448 | Cost: 16.2256
Epoch: 022/050 | Batch 0250/0448 | Cost: 15.1539
Epoch: 022/050 | Batch 0300/0448 | Cost: 15.1791
Epoch: 022/050 | Batch 0350/0448 | Cost: 15.8225
Epoch: 022/050 | Batch 0400/0448 | Cost: 14.9407
MAE/RMSE: | Current Valid: 6.67/8.65 Ep. 21 | Best Valid : 6.67/8.65 Ep. 21
Time elapsed: 404.59 min
Epoch: 023/050 | Batch 0000/0448 | Cost: 32.7877
Epoch: 023/050 | Batch 0050/0448 | Cost: 15.2956
Epoch: 023/050 | Batch 0100/0448 | Cost: 15.1141
Epoch: 023/050 | Batch 0150/0448 | Cost: 14.2810
Epoch: 023/050 | Batch 0200/0448 | Cost: 14.7303
Epoch: 023/050 | Batch 0250/0448 | Cost: 15.4727
Epoch: 023/050 | Batch 0300/0448 | Cost: 15.8816
Epoch: 023/050 | Batch 0350/0448 | Cost: 15.2227
Epoch: 023/050 | Batch 0400/0448 | Cost: 15.3193
MAE/RMSE: | Current Valid: 6.79/8.76 Ep. 22 | Best Valid : 6.67/8.65 Ep. 21
Time elapsed: 414.84 min
Epoch: 024/050 | Batch 0000/0448 | Cost: 31.1330
Epoch: 024/050 | Batch 0050/0448 | Cost: 14.2623
Epoch: 024/050 | Batch 0100/0448 | Cost: 14.8114
Epoch: 024/050 | Batch 0150/0448 | Cost: 15.7472
Epoch: 024/050 | Batch 0200/0448 | Cost: 14.8577
Epoch: 024/050 | Batch 0250/0448 | Cost: 15.9860
Epoch: 024/050 | Batch 0300/0448 | Cost: 14.4724
Epoch: 024/050 | Batch 0350/0448 | Cost: 15.4608
Epoch: 024/050 | Batch 0400/0448 | Cost: 14.5547
MAE/RMSE: | Current Valid: 6.66/8.60 Ep. 23 | Best Valid : 6.66/8.60 Ep. 23
Time elapsed: 424.95 min
Epoch: 025/050 | Batch 0000/0448 | Cost: 22.4311
Epoch: 025/050 | Batch 0050/0448 | Cost: 14.2167
Epoch: 025/050 | Batch 0100/0448 | Cost: 16.0023
Epoch: 025/050 | Batch 0150/0448 | Cost: 15.9761
Epoch: 025/050 | Batch 0200/0448 | Cost: 16.1795
Epoch: 025/050 | Batch 0250/0448 | Cost: 14.8946
Epoch: 025/050 | Batch 0300/0448 | Cost: 16.1203
Epoch: 025/050 | Batch 0350/0448 | Cost: 15.5236
Epoch: 025/050 | Batch 0400/0448 | Cost: 15.5297
MAE/RMSE: | Current Valid: 6.64/8.53 Ep. 24 | Best Valid : 6.64/8.53 Ep. 24
Time elapsed: 434.92 min
Epoch: 026/050 | Batch 0000/0448 | Cost: 20.7294
Epoch: 026/050 | Batch 0050/0448 | Cost: 14.5846
Epoch: 026/050 | Batch 0100/0448 | Cost: 15.9053
Epoch: 026/050 | Batch 0150/0448 | Cost: 15.9021
Epoch: 026/050 | Batch 0200/0448 | Cost: 14.2575
Epoch: 026/050 | Batch 0250/0448 | Cost: 15.6308
Epoch: 026/050 | Batch 0300/0448 | Cost: 14.3214
Epoch: 026/050 | Batch 0350/0448 | Cost: 15.2432
Epoch: 026/050 | Batch 0400/0448 | Cost: 14.3148
MAE/RMSE: | Current Valid: 6.68/8.65 Ep. 25 | Best Valid : 6.64/8.53 Ep. 24
Time elapsed: 444.58 min
Epoch: 027/050 | Batch 0000/0448 | Cost: 23.2124
Epoch: 027/050 | Batch 0050/0448 | Cost: 13.9322
Epoch: 027/050 | Batch 0100/0448 | Cost: 13.6457
Epoch: 027/050 | Batch 0150/0448 | Cost: 14.2072
Epoch: 027/050 | Batch 0200/0448 | Cost: 14.4720
Epoch: 027/050 | Batch 0250/0448 | Cost: 15.5712
Epoch: 027/050 | Batch 0300/0448 | Cost: 14.7882
Epoch: 027/050 | Batch 0350/0448 | Cost: 14.1836
Epoch: 027/050 | Batch 0400/0448 | Cost: 13.6734
MAE/RMSE: | Current Valid: 6.57/8.59 Ep. 26 | Best Valid : 6.57/8.59 Ep. 26
Time elapsed: 454.22 min
Epoch: 028/050 | Batch 0000/0448 | Cost: 22.0896
Epoch: 028/050 | Batch 0050/0448 | Cost: 13.7811
Epoch: 028/050 | Batch 0100/0448 | Cost: 14.3010
Epoch: 028/050 | Batch 0150/0448 | Cost: 14.3869
Epoch: 028/050 | Batch 0200/0448 | Cost: 13.2121
Epoch: 028/050 | Batch 0250/0448 | Cost: 15.1669
Epoch: 028/050 | Batch 0300/0448 | Cost: 15.8558
Epoch: 028/050 | Batch 0350/0448 | Cost: 14.5360
Epoch: 028/050 | Batch 0400/0448 | Cost: 15.0277
MAE/RMSE: | Current Valid: 6.61/8.60 Ep. 27 | Best Valid : 6.57/8.59 Ep. 26
Time elapsed: 463.88 min
Epoch: 029/050 | Batch 0000/0448 | Cost: 21.2661
Epoch: 029/050 | Batch 0050/0448 | Cost: 13.4064
Epoch: 029/050 | Batch 0100/0448 | Cost: 13.3386
Epoch: 029/050 | Batch 0150/0448 | Cost: 13.6597
Epoch: 029/050 | Batch 0200/0448 | Cost: 13.7580
Epoch: 029/050 | Batch 0250/0448 | Cost: 15.4441
Epoch: 029/050 | Batch 0300/0448 | Cost: 14.8465
Epoch: 029/050 | Batch 0350/0448 | Cost: 14.2569
Epoch: 029/050 | Batch 0400/0448 | Cost: 14.0832
MAE/RMSE: | Current Valid: 6.48/8.47 Ep. 28 | Best Valid : 6.48/8.47 Ep. 28
Time elapsed: 473.90 min
Epoch: 030/050 | Batch 0000/0448 | Cost: 21.3842
Epoch: 030/050 | Batch 0050/0448 | Cost: 13.8252
Epoch: 030/050 | Batch 0100/0448 | Cost: 13.1568
Epoch: 030/050 | Batch 0150/0448 | Cost: 13.7701
Epoch: 030/050 | Batch 0200/0448 | Cost: 13.7794
Epoch: 030/050 | Batch 0250/0448 | Cost: 14.8465
Epoch: 030/050 | Batch 0300/0448 | Cost: 15.2544
Epoch: 030/050 | Batch 0350/0448 | Cost: 15.4540
Epoch: 030/050 | Batch 0400/0448 | Cost: 14.2174
MAE/RMSE: | Current Valid: 6.51/8.47 Ep. 29 | Best Valid : 6.48/8.47 Ep. 28
Time elapsed: 484.15 min
Epoch: 031/050 | Batch 0000/0448 | Cost: 23.1612
Epoch: 031/050 | Batch 0050/0448 | Cost: 12.4094
Epoch: 031/050 | Batch 0100/0448 | Cost: 11.9533
Epoch: 031/050 | Batch 0150/0448 | Cost: 13.5065
Epoch: 031/050 | Batch 0200/0448 | Cost: 14.2299
Epoch: 031/050 | Batch 0250/0448 | Cost: 12.9804
Epoch: 031/050 | Batch 0300/0448 | Cost: 13.6483
Epoch: 031/050 | Batch 0350/0448 | Cost: 12.6501
Epoch: 031/050 | Batch 0400/0448 | Cost: 12.2548
MAE/RMSE: | Current Valid: 6.53/8.59 Ep. 30 | Best Valid : 6.48/8.47 Ep. 28
Time elapsed: 494.32 min
Epoch: 032/050 | Batch 0000/0448 | Cost: 26.6162
Epoch: 032/050 | Batch 0050/0448 | Cost: 13.9007
Epoch: 032/050 | Batch 0100/0448 | Cost: 12.8303
Epoch: 032/050 | Batch 0150/0448 | Cost: 14.4891
Epoch: 032/050 | Batch 0200/0448 | Cost: 12.8372
Epoch: 032/050 | Batch 0250/0448 | Cost: 13.5096
Epoch: 032/050 | Batch 0300/0448 | Cost: 13.5131
Epoch: 032/050 | Batch 0350/0448 | Cost: 12.9187
Epoch: 032/050 | Batch 0400/0448 | Cost: 13.5917
MAE/RMSE: | Current Valid: 6.48/8.47 Ep. 31 | Best Valid : 6.48/8.47 Ep. 28
Time elapsed: 504.51 min
Epoch: 033/050 | Batch 0000/0448 | Cost: 23.7969
Epoch: 033/050 | Batch 0050/0448 | Cost: 12.6220
Epoch: 033/050 | Batch 0100/0448 | Cost: 12.3029
Epoch: 033/050 | Batch 0150/0448 | Cost: 12.1064
Epoch: 033/050 | Batch 0200/0448 | Cost: 13.7770
Epoch: 033/050 | Batch 0250/0448 | Cost: 11.9574
Epoch: 033/050 | Batch 0300/0448 | Cost: 12.6207
Epoch: 033/050 | Batch 0350/0448 | Cost: 12.9105
Epoch: 033/050 | Batch 0400/0448 | Cost: 13.2088
MAE/RMSE: | Current Valid: 6.53/8.60 Ep. 32 | Best Valid : 6.48/8.47 Ep. 28
Time elapsed: 514.73 min
Epoch: 034/050 | Batch 0000/0448 | Cost: 21.8720
Epoch: 034/050 | Batch 0050/0448 | Cost: 10.8999
Epoch: 034/050 | Batch 0100/0448 | Cost: 13.8436
Epoch: 034/050 | Batch 0150/0448 | Cost: 12.4290
Epoch: 034/050 | Batch 0200/0448 | Cost: 11.7030
Epoch: 034/050 | Batch 0250/0448 | Cost: 12.3544
Epoch: 034/050 | Batch 0300/0448 | Cost: 13.1852
Epoch: 034/050 | Batch 0350/0448 | Cost: 13.0754
Epoch: 034/050 | Batch 0400/0448 | Cost: 13.5119
MAE/RMSE: | Current Valid: 6.78/8.94 Ep. 33 | Best Valid : 6.48/8.47 Ep. 28
Time elapsed: 524.91 min
Epoch: 035/050 | Batch 0000/0448 | Cost: 20.3974
Epoch: 035/050 | Batch 0050/0448 | Cost: 12.5292
Epoch: 035/050 | Batch 0100/0448 | Cost: 12.1346
Epoch: 035/050 | Batch 0150/0448 | Cost: 12.6341
Epoch: 035/050 | Batch 0200/0448 | Cost: 12.3109
Epoch: 035/050 | Batch 0250/0448 | Cost: 12.6674
Epoch: 035/050 | Batch 0300/0448 | Cost: 13.2579
Epoch: 035/050 | Batch 0350/0448 | Cost: 12.6404
Epoch: 035/050 | Batch 0400/0448 | Cost: 13.0324
MAE/RMSE: | Current Valid: 6.45/8.50 Ep. 34 | Best Valid : 6.45/8.50 Ep. 34
Time elapsed: 535.11 min
Epoch: 036/050 | Batch 0000/0448 | Cost: 17.3489
Epoch: 036/050 | Batch 0050/0448 | Cost: 11.0150
Epoch: 036/050 | Batch 0100/0448 | Cost: 12.5428
Epoch: 036/050 | Batch 0150/0448 | Cost: 11.9784
Epoch: 036/050 | Batch 0200/0448 | Cost: 12.0511
Epoch: 036/050 | Batch 0250/0448 | Cost: 13.4234
Epoch: 036/050 | Batch 0300/0448 | Cost: 12.3664
Epoch: 036/050 | Batch 0350/0448 | Cost: 14.2919
Epoch: 036/050 | Batch 0400/0448 | Cost: 12.1216
MAE/RMSE: | Current Valid: 6.56/8.65 Ep. 35 | Best Valid : 6.45/8.50 Ep. 34
Time elapsed: 545.35 min
Epoch: 037/050 | Batch 0000/0448 | Cost: 18.7191
Epoch: 037/050 | Batch 0050/0448 | Cost: 12.5807
Epoch: 037/050 | Batch 0100/0448 | Cost: 11.5431
Epoch: 037/050 | Batch 0150/0448 | Cost: 12.6402
Epoch: 037/050 | Batch 0200/0448 | Cost: 13.1186
Epoch: 037/050 | Batch 0250/0448 | Cost: 11.5939
Epoch: 037/050 | Batch 0300/0448 | Cost: 12.3843
Epoch: 037/050 | Batch 0350/0448 | Cost: 12.1371
Epoch: 037/050 | Batch 0400/0448 | Cost: 13.4228
MAE/RMSE: | Current Valid: 6.61/8.76 Ep. 36 | Best Valid : 6.45/8.50 Ep. 34
Time elapsed: 555.56 min
Epoch: 038/050 | Batch 0000/0448 | Cost: 16.2887
Epoch: 038/050 | Batch 0050/0448 | Cost: 11.7752
Epoch: 038/050 | Batch 0100/0448 | Cost: 11.5641
Epoch: 038/050 | Batch 0150/0448 | Cost: 11.6782
Epoch: 038/050 | Batch 0200/0448 | Cost: 12.6124
Epoch: 038/050 | Batch 0250/0448 | Cost: 12.3970
Epoch: 038/050 | Batch 0300/0448 | Cost: 10.8757
Epoch: 038/050 | Batch 0350/0448 | Cost: 11.3207
Epoch: 038/050 | Batch 0400/0448 | Cost: 11.4357
MAE/RMSE: | Current Valid: 6.62/8.73 Ep. 37 | Best Valid : 6.45/8.50 Ep. 34
Time elapsed: 565.68 min
Epoch: 039/050 | Batch 0000/0448 | Cost: 17.4388
Epoch: 039/050 | Batch 0050/0448 | Cost: 11.2883
Epoch: 039/050 | Batch 0100/0448 | Cost: 11.8851
Epoch: 039/050 | Batch 0150/0448 | Cost: 12.5408
Epoch: 039/050 | Batch 0200/0448 | Cost: 10.8696
Epoch: 039/050 | Batch 0250/0448 | Cost: 12.0584
Epoch: 039/050 | Batch 0300/0448 | Cost: 11.6117
Epoch: 039/050 | Batch 0350/0448 | Cost: 12.2907
Epoch: 039/050 | Batch 0400/0448 | Cost: 12.1068
MAE/RMSE: | Current Valid: 6.57/8.72 Ep. 38 | Best Valid : 6.45/8.50 Ep. 34
Time elapsed: 575.92 min
Epoch: 040/050 | Batch 0000/0448 | Cost: 15.6266
Epoch: 040/050 | Batch 0050/0448 | Cost: 11.7328
Epoch: 040/050 | Batch 0100/0448 | Cost: 11.5530
Epoch: 040/050 | Batch 0150/0448 | Cost: 12.8262
Epoch: 040/050 | Batch 0200/0448 | Cost: 11.9751
Epoch: 040/050 | Batch 0250/0448 | Cost: 12.6715
Epoch: 040/050 | Batch 0300/0448 | Cost: 11.3725
Epoch: 040/050 | Batch 0350/0448 | Cost: 11.0023
Epoch: 040/050 | Batch 0400/0448 | Cost: 11.9895
MAE/RMSE: | Current Valid: 6.59/8.68 Ep. 39 | Best Valid : 6.45/8.50 Ep. 34
Time elapsed: 586.14 min
Epoch: 041/050 | Batch 0000/0448 | Cost: 17.8840
Epoch: 041/050 | Batch 0050/0448 | Cost: 11.1422
Epoch: 041/050 | Batch 0100/0448 | Cost: 11.1392
Epoch: 041/050 | Batch 0150/0448 | Cost: 10.7351
Epoch: 041/050 | Batch 0200/0448 | Cost: 11.6320
Epoch: 041/050 | Batch 0250/0448 | Cost: 12.2312
Epoch: 041/050 | Batch 0300/0448 | Cost: 10.9996
Epoch: 041/050 | Batch 0350/0448 | Cost: 12.1927
Epoch: 041/050 | Batch 0400/0448 | Cost: 11.2715
MAE/RMSE: | Current Valid: 6.58/8.69 Ep. 40 | Best Valid : 6.45/8.50 Ep. 34
Time elapsed: 596.26 min
Epoch: 042/050 | Batch 0000/0448 | Cost: 23.8807
Epoch: 042/050 | Batch 0050/0448 | Cost: 11.6862
Epoch: 042/050 | Batch 0100/0448 | Cost: 11.3183
Epoch: 042/050 | Batch 0150/0448 | Cost: 10.6534
Epoch: 042/050 | Batch 0200/0448 | Cost: 11.3190
Epoch: 042/050 | Batch 0250/0448 | Cost: 10.5907
Epoch: 042/050 | Batch 0300/0448 | Cost: 12.0409
Epoch: 042/050 | Batch 0350/0448 | Cost: 11.0639
Epoch: 042/050 | Batch 0400/0448 | Cost: 11.1844
MAE/RMSE: | Current Valid: 6.55/8.64 Ep. 41 | Best Valid : 6.45/8.50 Ep. 34
Time elapsed: 606.50 min
Epoch: 043/050 | Batch 0000/0448 | Cost: 20.9788
Epoch: 043/050 | Batch 0050/0448 | Cost: 10.8025
Epoch: 043/050 | Batch 0100/0448 | Cost: 11.8479
Epoch: 043/050 | Batch 0150/0448 | Cost: 10.8969
Epoch: 043/050 | Batch 0200/0448 | Cost: 10.4695
Epoch: 043/050 | Batch 0250/0448 | Cost: 10.6693
Epoch: 043/050 | Batch 0300/0448 | Cost: 10.9481
Epoch: 043/050 | Batch 0350/0448 | Cost: 10.8894
Epoch: 043/050 | Batch 0400/0448 | Cost: 11.0385
MAE/RMSE: | Current Valid: 6.66/8.77 Ep. 42 | Best Valid : 6.45/8.50 Ep. 34
Time elapsed: 616.63 min
Epoch: 044/050 | Batch 0000/0448 | Cost: 21.6981
Epoch: 044/050 | Batch 0050/0448 | Cost: 11.5875
Epoch: 044/050 | Batch 0100/0448 | Cost: 10.7943
Epoch: 044/050 | Batch 0150/0448 | Cost: 10.5421
Epoch: 044/050 | Batch 0200/0448 | Cost: 10.4090
Epoch: 044/050 | Batch 0250/0448 | Cost: 10.4620
Epoch: 044/050 | Batch 0300/0448 | Cost: 10.1677
Epoch: 044/050 | Batch 0350/0448 | Cost: 10.4059
Epoch: 044/050 | Batch 0400/0448 | Cost: 10.2296
MAE/RMSE: | Current Valid: 6.56/8.70 Ep. 43 | Best Valid : 6.45/8.50 Ep. 34
Time elapsed: 626.74 min
Epoch: 045/050 | Batch 0000/0448 | Cost: 19.8325
Epoch: 045/050 | Batch 0050/0448 | Cost: 10.5929
Epoch: 045/050 | Batch 0100/0448 | Cost: 9.9074
Epoch: 045/050 | Batch 0150/0448 | Cost: 10.5351
Epoch: 045/050 | Batch 0200/0448 | Cost: 10.4414
Epoch: 045/050 | Batch 0250/0448 | Cost: 10.3005
Epoch: 045/050 | Batch 0300/0448 | Cost: 10.2870
Epoch: 045/050 | Batch 0350/0448 | Cost: 10.4678
Epoch: 045/050 | Batch 0400/0448 | Cost: 10.1377
MAE/RMSE: | Current Valid: 6.63/8.81 Ep. 44 | Best Valid : 6.45/8.50 Ep. 34
Time elapsed: 637.00 min
Epoch: 046/050 | Batch 0000/0448 | Cost: 20.6280
Epoch: 046/050 | Batch 0050/0448 | Cost: 10.0422
Epoch: 046/050 | Batch 0100/0448 | Cost: 10.1317
Epoch: 046/050 | Batch 0150/0448 | Cost: 10.0580
Epoch: 046/050 | Batch 0200/0448 | Cost: 9.9638
Epoch: 046/050 | Batch 0250/0448 | Cost: 9.4340
Epoch: 046/050 | Batch 0300/0448 | Cost: 10.4580
Epoch: 046/050 | Batch 0350/0448 | Cost: 9.8972
Epoch: 046/050 | Batch 0400/0448 | Cost: 10.6497
MAE/RMSE: | Current Valid: 6.61/8.79 Ep. 45 | Best Valid : 6.45/8.50 Ep. 34
Time elapsed: 647.23 min
Epoch: 047/050 | Batch 0000/0448 | Cost: 20.4570
Epoch: 047/050 | Batch 0050/0448 | Cost: 10.0870
Epoch: 047/050 | Batch 0100/0448 | Cost: 9.7878
Epoch: 047/050 | Batch 0150/0448 | Cost: 9.3677
Epoch: 047/050 | Batch 0200/0448 | Cost: 10.1326
Epoch: 047/050 | Batch 0250/0448 | Cost: 10.8381
Epoch: 047/050 | Batch 0300/0448 | Cost: 10.2649
Epoch: 047/050 | Batch 0350/0448 | Cost: 10.0821
Epoch: 047/050 | Batch 0400/0448 | Cost: 10.3453
MAE/RMSE: | Current Valid: 6.65/8.83 Ep. 46 | Best Valid : 6.45/8.50 Ep. 34
Time elapsed: 657.50 min
Epoch: 048/050 | Batch 0000/0448 | Cost: 16.7486
Epoch: 048/050 | Batch 0050/0448 | Cost: 10.5632
Epoch: 048/050 | Batch 0100/0448 | Cost: 9.6689
Epoch: 048/050 | Batch 0150/0448 | Cost: 9.9679
Epoch: 048/050 | Batch 0200/0448 | Cost: 9.6437
Epoch: 048/050 | Batch 0250/0448 | Cost: 10.3020
Epoch: 048/050 | Batch 0300/0448 | Cost: 9.4896
Epoch: 048/050 | Batch 0350/0448 | Cost: 10.1955
Epoch: 048/050 | Batch 0400/0448 | Cost: 9.4177
MAE/RMSE: | Current Valid: 6.77/9.02 Ep. 47 | Best Valid : 6.45/8.50 Ep. 34
Time elapsed: 667.70 min
Epoch: 049/050 | Batch 0000/0448 | Cost: 20.0837
Epoch: 049/050 | Batch 0050/0448 | Cost: 9.3262
Epoch: 049/050 | Batch 0100/0448 | Cost: 9.1012
Epoch: 049/050 | Batch 0150/0448 | Cost: 10.4502
Epoch: 049/050 | Batch 0200/0448 | Cost: 9.0748
Epoch: 049/050 | Batch 0250/0448 | Cost: 9.4780
Epoch: 049/050 | Batch 0300/0448 | Cost: 9.0192
Epoch: 049/050 | Batch 0350/0448 | Cost: 9.1643
Epoch: 049/050 | Batch 0400/0448 | Cost: 9.0486
MAE/RMSE: | Current Valid: 6.75/8.97 Ep. 48 | Best Valid : 6.45/8.50 Ep. 34
Time elapsed: 677.85 min
Epoch: 050/050 | Batch 0000/0448 | Cost: 23.4400
Epoch: 050/050 | Batch 0050/0448 | Cost: 8.4126
Epoch: 050/050 | Batch 0100/0448 | Cost: 9.8672
Epoch: 050/050 | Batch 0150/0448 | Cost: 9.3378
Epoch: 050/050 | Batch 0200/0448 | Cost: 8.8842
Epoch: 050/050 | Batch 0250/0448 | Cost: 8.7130
Epoch: 050/050 | Batch 0300/0448 | Cost: 9.0329
Epoch: 050/050 | Batch 0350/0448 | Cost: 9.3327
Epoch: 050/050 | Batch 0400/0448 | Cost: 9.1934
MAE/RMSE: | Current Valid: 6.65/8.81 Ep. 49 | Best Valid : 6.45/8.50 Ep. 34
Time elapsed: 687.91 min
MAE/RMSE: | Train: 3.69/4.84 | Valid: 6.65/8.81 | Test: 6.67/8.89
Total Training Time: 691.66 min
MAE/RMSE: | Best Train: 5.20/6.84 | Best Valid: 6.45/8.50 | Best Test: 6.53/8.66
