PyTorch Version: 2.0.1+cu117
CUDA device available: True
Using CUDA device: cuda:0
Random Seed: 1
Task Importance Weight: 0
Output Path: afad-model1
Script: c:/Users/sergi/Documents/GitHub/xnap-project-ed_group_13/Starting point/model-code/afad-coral-copy schedule.py
Epoch: 001/002 | Batch 0000/0462 | Cost: 19.6114
Epoch: 001/002 | Batch 0050/0462 | Cost: 15.7461
Epoch: 001/002 | Batch 0100/0462 | Cost: 14.7202
Epoch: 001/002 | Batch 0150/0462 | Cost: 14.0666
Epoch: 001/002 | Batch 0200/0462 | Cost: 13.4399
Epoch: 001/002 | Batch 0250/0462 | Cost: 12.6012
Epoch: 001/002 | Batch 0300/0462 | Cost: 11.6699
Epoch: 001/002 | Batch 0350/0462 | Cost: 11.6415
Epoch: 001/002 | Batch 0400/0462 | Cost: 10.5800
Epoch: 001/002 | Batch 0450/0462 | Cost: 10.5770
MAE/RMSE: | Current Valid: 10.70/11.37 Ep. 0 | Best Valid : 10.70/11.37 Ep. 0
Time elapsed: 7.57 min
Epoch: 002/002 | Batch 0000/0462 | Cost: 64.8573
Epoch: 002/002 | Batch 0050/0462 | Cost: 10.8919
Epoch: 002/002 | Batch 0100/0462 | Cost: 9.9004
Epoch: 002/002 | Batch 0150/0462 | Cost: 9.7327
Epoch: 002/002 | Batch 0200/0462 | Cost: 9.2781
Epoch: 002/002 | Batch 0250/0462 | Cost: 9.7093
Epoch: 002/002 | Batch 0300/0462 | Cost: 9.7439
Epoch: 002/002 | Batch 0350/0462 | Cost: 9.6378
Epoch: 002/002 | Batch 0400/0462 | Cost: 9.0818
Epoch: 002/002 | Batch 0450/0462 | Cost: 9.0391
MAE/RMSE: | Current Valid: 10.66/11.29 Ep. 1 | Best Valid : 10.66/11.29 Ep. 1
Time elapsed: 14.80 min
MAE/RMSE: | Train: 4.15/5.62 | Valid: 10.66/11.29 | Test: 4.82/6.44
Total Training Time: 16.92 min
MAE/RMSE: | Best Train: 4.15/5.62 | Best Valid: 10.66/11.29 | Best Test: 4.82/6.44
